2019/12/15 19:40:16 INFO  [main] - Starting Project1Application on DESKTOP-3B1LDVK with PID 12000 (C:\pleiades\git\project1\target\classes started by user in C:\pleiades\git\project1)
2019/12/15 19:40:16 INFO  [main] - No active profile set, falling back to default profiles: default
2019/12/15 19:40:17 INFO  [main] - Bootstrapping Spring Data repositories in DEFAULT mode.
2019/12/15 19:40:17 INFO  [main] - Finished Spring Data repository scanning in 141ms. Found 3 repository interfaces.
2019/12/15 19:40:18 INFO  [main] - Bean 'org.springframework.transaction.annotation.ProxyTransactionManagementConfiguration' of type [org.springframework.transaction.annotation.ProxyTransactionManagementConfiguration$$EnhancerBySpringCGLIB$$2330cc7f] is not eligible for getting processed by all BeanPostProcessors (for example: not eligible for auto-proxying)
2019/12/15 19:40:18 INFO  [main] - Tomcat initialized with port(s): 8080 (http)
2019/12/15 19:40:18 INFO  [main] - Starting service [Tomcat]
2019/12/15 19:40:18 INFO  [main] - Starting Servlet engine: [Apache Tomcat/9.0.17]
2019/12/15 19:40:18 INFO  [main] - Initializing Spring embedded WebApplicationContext
2019/12/15 19:40:18 INFO  [main] - Root WebApplicationContext: initialization completed in 2598 ms
2019/12/15 19:40:19 INFO  [main] - HikariPool-1 - Starting...
2019/12/15 19:40:19 INFO  [main] - HikariPool-1 - Start completed.
2019/12/15 19:40:19 INFO  [main] - HHH000204: Processing PersistenceUnitInfo [name: default]
2019/12/15 19:40:19 INFO  [main] - HHH000412: Hibernate Core {5.4.2.Final}
2019/12/15 19:40:20 INFO  [main] - HCANN000001: Hibernate Commons Annotations {5.1.0.Final}
2019/12/15 19:40:20 INFO  [main] - HHH000400: Using dialect: org.hibernate.dialect.MySQL5Dialect
2019/12/15 19:40:20 INFO  [main] - HHH000182: No default (no-argument) constructor for class: com.koikeya.project1.domain.model.TempUser (class must be instantiated by Interceptor)
2019/12/15 19:40:20 INFO  [main] - HHH000490: Using JtaPlatform implementation: [org.hibernate.engine.transaction.jta.platform.internal.NoJtaPlatform]
2019/12/15 19:40:20 INFO  [main] - Initialized JPA EntityManagerFactory for persistence unit 'default'
2019/12/15 19:40:20 WARN  [main] - spring.jpa.open-in-view is enabled by default. Therefore, database queries may be performed during view rendering. Explicitly configure spring.jpa.open-in-view to disable this warning
2019/12/15 19:40:21 WARN  [main] - Exception encountered during context initialization - cancelling refresh attempt: org.springframework.beans.factory.UnsatisfiedDependencyException: Error creating bean with name 'tempUser' defined in file [C:\pleiades\git\project1\target\classes\com\koikeya\project1\domain\model\TempUser.class]: Unsatisfied dependency expressed through constructor parameter 0; nested exception is org.springframework.beans.factory.NoSuchBeanDefinitionException: No qualifying bean of type 'java.lang.String' available: expected at least 1 bean which qualifies as autowire candidate. Dependency annotations: {}
2019/12/15 19:40:21 INFO  [main] - Closing JPA EntityManagerFactory for persistence unit 'default'
2019/12/15 19:40:21 INFO  [main] - HikariPool-1 - Shutdown initiated...
2019/12/15 19:40:21 INFO  [main] - HikariPool-1 - Shutdown completed.
2019/12/15 19:40:21 INFO  [main] - Stopping service [Tomcat]
2019/12/15 19:40:21 INFO  [main] - 

Error starting ApplicationContext. To display the conditions report re-run your application with 'debug' enabled.
2019/12/15 19:40:21 ERROR [main] - 

***************************
APPLICATION FAILED TO START
***************************

Description:

Parameter 0 of constructor in com.koikeya.project1.domain.model.TempUser required a bean of type 'java.lang.String' that could not be found.


Action:

Consider defining a bean of type 'java.lang.String' in your configuration.

2019/12/15 20:07:24 INFO  [main] - Starting Project1Application on DESKTOP-3B1LDVK with PID 10208 (C:\pleiades\git\project1\target\classes started by user in C:\pleiades\git\project1)
2019/12/15 20:07:24 INFO  [main] - No active profile set, falling back to default profiles: default
2019/12/15 20:07:27 INFO  [main] - Bootstrapping Spring Data repositories in DEFAULT mode.
2019/12/15 20:07:27 INFO  [main] - Finished Spring Data repository scanning in 180ms. Found 3 repository interfaces.
2019/12/15 20:07:28 INFO  [main] - Bean 'org.springframework.transaction.annotation.ProxyTransactionManagementConfiguration' of type [org.springframework.transaction.annotation.ProxyTransactionManagementConfiguration$$EnhancerBySpringCGLIB$$eaaa77df] is not eligible for getting processed by all BeanPostProcessors (for example: not eligible for auto-proxying)
2019/12/15 20:07:28 INFO  [main] - Tomcat initialized with port(s): 8080 (http)
2019/12/15 20:07:28 INFO  [main] - Starting service [Tomcat]
2019/12/15 20:07:28 INFO  [main] - Starting Servlet engine: [Apache Tomcat/9.0.17]
2019/12/15 20:07:30 INFO  [main] - Initializing Spring embedded WebApplicationContext
2019/12/15 20:07:30 INFO  [main] - Root WebApplicationContext: initialization completed in 5680 ms
2019/12/15 20:07:30 INFO  [main] - HikariPool-1 - Starting...
2019/12/15 20:07:31 INFO  [main] - HikariPool-1 - Start completed.
2019/12/15 20:07:31 INFO  [main] - HHH000204: Processing PersistenceUnitInfo [name: default]
2019/12/15 20:07:31 INFO  [main] - HHH000412: Hibernate Core {5.4.2.Final}
2019/12/15 20:07:31 INFO  [main] - HCANN000001: Hibernate Commons Annotations {5.1.0.Final}
2019/12/15 20:07:31 INFO  [main] - HHH000400: Using dialect: org.hibernate.dialect.MySQL5Dialect
2019/12/15 20:07:32 INFO  [main] - HHH000182: No default (no-argument) constructor for class: com.koikeya.project1.domain.model.TempUser (class must be instantiated by Interceptor)
2019/12/15 20:07:32 INFO  [main] - HHH000490: Using JtaPlatform implementation: [org.hibernate.engine.transaction.jta.platform.internal.NoJtaPlatform]
2019/12/15 20:07:32 INFO  [main] - Initialized JPA EntityManagerFactory for persistence unit 'default'
2019/12/15 20:07:32 WARN  [main] - spring.jpa.open-in-view is enabled by default. Therefore, database queries may be performed during view rendering. Explicitly configure spring.jpa.open-in-view to disable this warning
2019/12/15 20:07:33 WARN  [main] - Exception encountered during context initialization - cancelling refresh attempt: org.springframework.beans.factory.UnsatisfiedDependencyException: Error creating bean with name 'tempUser' defined in file [C:\pleiades\git\project1\target\classes\com\koikeya\project1\domain\model\TempUser.class]: Unsatisfied dependency expressed through constructor parameter 0; nested exception is org.springframework.beans.factory.NoSuchBeanDefinitionException: No qualifying bean of type 'java.lang.String' available: expected at least 1 bean which qualifies as autowire candidate. Dependency annotations: {}
2019/12/15 20:07:33 INFO  [main] - Closing JPA EntityManagerFactory for persistence unit 'default'
2019/12/15 20:07:33 INFO  [main] - HikariPool-1 - Shutdown initiated...
2019/12/15 20:07:33 INFO  [main] - HikariPool-1 - Shutdown completed.
2019/12/15 20:07:33 INFO  [main] - Stopping service [Tomcat]
2019/12/15 20:07:33 INFO  [main] - 

Error starting ApplicationContext. To display the conditions report re-run your application with 'debug' enabled.
2019/12/15 20:07:33 ERROR [main] - 

***************************
APPLICATION FAILED TO START
***************************

Description:

Parameter 0 of constructor in com.koikeya.project1.domain.model.TempUser required a bean of type 'java.lang.String' that could not be found.


Action:

Consider defining a bean of type 'java.lang.String' in your configuration.

2019/12/15 20:09:31 INFO  [main] - Starting Project1Application on DESKTOP-3B1LDVK with PID 7472 (C:\pleiades\git\project1\target\classes started by user in C:\pleiades\git\project1)
2019/12/15 20:09:32 INFO  [main] - No active profile set, falling back to default profiles: default
2019/12/15 20:09:33 INFO  [main] - Bootstrapping Spring Data repositories in DEFAULT mode.
2019/12/15 20:09:33 INFO  [main] - Finished Spring Data repository scanning in 138ms. Found 3 repository interfaces.
2019/12/15 20:09:33 INFO  [main] - Bean 'org.springframework.transaction.annotation.ProxyTransactionManagementConfiguration' of type [org.springframework.transaction.annotation.ProxyTransactionManagementConfiguration$$EnhancerBySpringCGLIB$$f6ccc0d9] is not eligible for getting processed by all BeanPostProcessors (for example: not eligible for auto-proxying)
2019/12/15 20:09:33 INFO  [main] - Tomcat initialized with port(s): 8080 (http)
2019/12/15 20:09:33 INFO  [main] - Starting service [Tomcat]
2019/12/15 20:09:33 INFO  [main] - Starting Servlet engine: [Apache Tomcat/9.0.17]
2019/12/15 20:09:34 INFO  [main] - Initializing Spring embedded WebApplicationContext
2019/12/15 20:09:34 INFO  [main] - Root WebApplicationContext: initialization completed in 2264 ms
2019/12/15 20:09:34 INFO  [main] - HikariPool-1 - Starting...
2019/12/15 20:09:35 INFO  [main] - HikariPool-1 - Start completed.
2019/12/15 20:09:35 INFO  [main] - HHH000204: Processing PersistenceUnitInfo [name: default]
2019/12/15 20:09:35 INFO  [main] - HHH000412: Hibernate Core {5.4.2.Final}
2019/12/15 20:09:35 INFO  [main] - HCANN000001: Hibernate Commons Annotations {5.1.0.Final}
2019/12/15 20:09:35 INFO  [main] - HHH000400: Using dialect: org.hibernate.dialect.MySQL5Dialect
2019/12/15 20:09:36 INFO  [main] - HHH000490: Using JtaPlatform implementation: [org.hibernate.engine.transaction.jta.platform.internal.NoJtaPlatform]
2019/12/15 20:09:36 INFO  [main] - Initialized JPA EntityManagerFactory for persistence unit 'default'
2019/12/15 20:09:36 WARN  [main] - spring.jpa.open-in-view is enabled by default. Therefore, database queries may be performed during view rendering. Explicitly configure spring.jpa.open-in-view to disable this warning
2019/12/15 20:09:36 WARN  [main] - Exception encountered during context initialization - cancelling refresh attempt: org.springframework.beans.factory.UnsatisfiedDependencyException: Error creating bean with name 'signUpAuthenticationServiceImpl': Unsatisfied dependency expressed through field 'passwordEncoder'; nested exception is org.springframework.beans.factory.NoUniqueBeanDefinitionException: No qualifying bean of type 'org.springframework.security.crypto.password.PasswordEncoder' available: expected single matching bean but found 2: passwordEncoderImpl,passwordEncoder1
2019/12/15 20:09:36 INFO  [main] - Closing JPA EntityManagerFactory for persistence unit 'default'
2019/12/15 20:09:36 INFO  [main] - HikariPool-1 - Shutdown initiated...
2019/12/15 20:09:36 INFO  [main] - HikariPool-1 - Shutdown completed.
2019/12/15 20:09:36 INFO  [main] - Stopping service [Tomcat]
2019/12/15 20:09:36 INFO  [main] - 

Error starting ApplicationContext. To display the conditions report re-run your application with 'debug' enabled.
2019/12/15 20:09:36 ERROR [main] - 

***************************
APPLICATION FAILED TO START
***************************

Description:

Field passwordEncoder in com.koikeya.project1.domain.service.impl.SignUpAuthenticationServiceImpl required a single bean, but 2 were found:
	- passwordEncoderImpl: defined in file [C:\pleiades\git\project1\target\classes\com\koikeya\project1\app\helper\PasswordEncoderImpl.class]
	- passwordEncoder1: defined by method 'passwordEncoder1' in class path resource [com/koikeya/project1/app/config/SecurityConfig.class]


Action:

Consider marking one of the beans as @Primary, updating the consumer to accept multiple beans, or using @Qualifier to identify the bean that should be consumed

2019/12/15 20:13:46 INFO  [main] - Starting Project1Application on DESKTOP-3B1LDVK with PID 10640 (C:\pleiades\git\project1\target\classes started by user in C:\pleiades\git\project1)
2019/12/15 20:13:46 INFO  [main] - No active profile set, falling back to default profiles: default
2019/12/15 20:13:47 INFO  [main] - Bootstrapping Spring Data repositories in DEFAULT mode.
2019/12/15 20:13:47 INFO  [main] - Finished Spring Data repository scanning in 133ms. Found 3 repository interfaces.
2019/12/15 20:13:47 INFO  [main] - Bean 'org.springframework.transaction.annotation.ProxyTransactionManagementConfiguration' of type [org.springframework.transaction.annotation.ProxyTransactionManagementConfiguration$$EnhancerBySpringCGLIB$$4d72d455] is not eligible for getting processed by all BeanPostProcessors (for example: not eligible for auto-proxying)
2019/12/15 20:13:48 INFO  [main] - Tomcat initialized with port(s): 8080 (http)
2019/12/15 20:13:48 INFO  [main] - Starting service [Tomcat]
2019/12/15 20:13:48 INFO  [main] - Starting Servlet engine: [Apache Tomcat/9.0.17]
2019/12/15 20:13:48 INFO  [main] - Initializing Spring embedded WebApplicationContext
2019/12/15 20:13:48 INFO  [main] - Root WebApplicationContext: initialization completed in 2344 ms
2019/12/15 20:13:48 INFO  [main] - HikariPool-1 - Starting...
2019/12/15 20:13:49 INFO  [main] - HikariPool-1 - Start completed.
2019/12/15 20:13:49 INFO  [main] - HHH000204: Processing PersistenceUnitInfo [name: default]
2019/12/15 20:13:49 INFO  [main] - HHH000412: Hibernate Core {5.4.2.Final}
2019/12/15 20:13:49 INFO  [main] - HCANN000001: Hibernate Commons Annotations {5.1.0.Final}
2019/12/15 20:13:49 INFO  [main] - HHH000400: Using dialect: org.hibernate.dialect.MySQL5Dialect
2019/12/15 20:13:50 INFO  [main] - HHH000490: Using JtaPlatform implementation: [org.hibernate.engine.transaction.jta.platform.internal.NoJtaPlatform]
2019/12/15 20:13:50 INFO  [main] - Initialized JPA EntityManagerFactory for persistence unit 'default'
2019/12/15 20:13:50 WARN  [main] - spring.jpa.open-in-view is enabled by default. Therefore, database queries may be performed during view rendering. Explicitly configure spring.jpa.open-in-view to disable this warning
2019/12/15 20:13:51 INFO  [main] - Creating filter chain: any request, [org.springframework.security.web.context.request.async.WebAsyncManagerIntegrationFilter@5f883d90, org.springframework.security.web.context.SecurityContextPersistenceFilter@8ac12e6, org.springframework.security.web.header.HeaderWriterFilter@62b0bf85, org.springframework.security.web.csrf.CsrfFilter@6e068ac9, org.springframework.security.web.authentication.logout.LogoutFilter@3a588b5f, org.springframework.security.web.authentication.UsernamePasswordAuthenticationFilter@30fbc23, org.springframework.security.web.savedrequest.RequestCacheAwareFilter@734fbae3, org.springframework.security.web.servletapi.SecurityContextHolderAwareRequestFilter@719c1faf, org.springframework.security.web.authentication.AnonymousAuthenticationFilter@7e58f697, org.springframework.security.web.session.SessionManagementFilter@6c9bf3b5, org.springframework.security.web.access.ExceptionTranslationFilter@590013c7, org.springframework.security.web.access.intercept.FilterSecurityInterceptor@61d2f267]
2019/12/15 20:13:51 INFO  [main] - Initializing ExecutorService 'applicationTaskExecutor'
2019/12/15 20:13:51 INFO  [main] - Adding welcome page template: index
2019/12/15 20:13:51 INFO  [main] - Tomcat started on port(s): 8080 (http) with context path '/project1'
2019/12/15 20:13:51 INFO  [main] - Started Project1Application in 6.064 seconds (JVM running for 7.198)
2019/12/15 20:14:02 INFO  [RMI TCP Connection(2)-127.0.0.1] - Application shutdown requested.
2019/12/15 20:14:02 INFO  [RMI TCP Connection(2)-127.0.0.1] - Shutting down ExecutorService 'applicationTaskExecutor'
2019/12/15 20:14:02 INFO  [RMI TCP Connection(2)-127.0.0.1] - Closing JPA EntityManagerFactory for persistence unit 'default'
2019/12/15 20:14:02 INFO  [RMI TCP Connection(2)-127.0.0.1] - HikariPool-1 - Shutdown initiated...
2019/12/15 20:14:02 INFO  [RMI TCP Connection(2)-127.0.0.1] - HikariPool-1 - Shutdown completed.
2019/12/15 20:14:18 INFO  [main] - Starting Project1Application on DESKTOP-3B1LDVK with PID 5740 (C:\pleiades\git\project1\target\classes started by user in C:\pleiades\git\project1)
2019/12/15 20:14:18 INFO  [main] - No active profile set, falling back to default profiles: default
2019/12/15 20:14:20 INFO  [main] - Bootstrapping Spring Data repositories in DEFAULT mode.
2019/12/15 20:14:20 INFO  [main] - Finished Spring Data repository scanning in 297ms. Found 3 repository interfaces.
2019/12/15 20:14:20 INFO  [main] - Bean 'org.springframework.transaction.annotation.ProxyTransactionManagementConfiguration' of type [org.springframework.transaction.annotation.ProxyTransactionManagementConfiguration$$EnhancerBySpringCGLIB$$c150df37] is not eligible for getting processed by all BeanPostProcessors (for example: not eligible for auto-proxying)
2019/12/15 20:14:21 INFO  [main] - Tomcat initialized with port(s): 8080 (http)
2019/12/15 20:14:21 INFO  [main] - Starting service [Tomcat]
2019/12/15 20:14:21 INFO  [main] - Starting Servlet engine: [Apache Tomcat/9.0.17]
2019/12/15 20:14:21 INFO  [main] - Initializing Spring embedded WebApplicationContext
2019/12/15 20:14:21 INFO  [main] - Root WebApplicationContext: initialization completed in 2961 ms
2019/12/15 20:14:21 INFO  [main] - HikariPool-1 - Starting...
2019/12/15 20:14:22 INFO  [main] - HikariPool-1 - Start completed.
2019/12/15 20:14:22 INFO  [main] - HHH000204: Processing PersistenceUnitInfo [name: default]
2019/12/15 20:14:22 INFO  [main] - HHH000412: Hibernate Core {5.4.2.Final}
2019/12/15 20:14:22 INFO  [main] - HCANN000001: Hibernate Commons Annotations {5.1.0.Final}
2019/12/15 20:14:23 INFO  [main] - HHH000400: Using dialect: org.hibernate.dialect.MySQL5Dialect
2019/12/15 20:14:23 INFO  [main] - HHH000182: No default (no-argument) constructor for class: com.koikeya.project1.domain.model.TempUser (class must be instantiated by Interceptor)
2019/12/15 20:14:23 INFO  [main] - HHH000490: Using JtaPlatform implementation: [org.hibernate.engine.transaction.jta.platform.internal.NoJtaPlatform]
2019/12/15 20:14:23 INFO  [main] - Initialized JPA EntityManagerFactory for persistence unit 'default'
2019/12/15 20:14:23 WARN  [main] - spring.jpa.open-in-view is enabled by default. Therefore, database queries may be performed during view rendering. Explicitly configure spring.jpa.open-in-view to disable this warning
2019/12/15 20:14:24 WARN  [main] - Exception encountered during context initialization - cancelling refresh attempt: org.springframework.beans.factory.UnsatisfiedDependencyException: Error creating bean with name 'tempUser' defined in file [C:\pleiades\git\project1\target\classes\com\koikeya\project1\domain\model\TempUser.class]: Unsatisfied dependency expressed through constructor parameter 0; nested exception is org.springframework.beans.factory.NoSuchBeanDefinitionException: No qualifying bean of type 'java.lang.String' available: expected at least 1 bean which qualifies as autowire candidate. Dependency annotations: {}
2019/12/15 20:14:24 INFO  [main] - Closing JPA EntityManagerFactory for persistence unit 'default'
2019/12/15 20:14:24 INFO  [main] - HikariPool-1 - Shutdown initiated...
2019/12/15 20:14:24 INFO  [main] - HikariPool-1 - Shutdown completed.
2019/12/15 20:14:24 INFO  [main] - Stopping service [Tomcat]
2019/12/15 20:14:24 INFO  [main] - 

Error starting ApplicationContext. To display the conditions report re-run your application with 'debug' enabled.
2019/12/15 20:14:24 ERROR [main] - 

***************************
APPLICATION FAILED TO START
***************************

Description:

Parameter 0 of constructor in com.koikeya.project1.domain.model.TempUser required a bean of type 'java.lang.String' that could not be found.


Action:

Consider defining a bean of type 'java.lang.String' in your configuration.

2019/12/15 20:20:08 INFO  [main] - Starting Project1Application on DESKTOP-3B1LDVK with PID 8732 (C:\pleiades\git\project1\target\classes started by user in C:\pleiades\git\project1)
2019/12/15 20:20:08 INFO  [main] - No active profile set, falling back to default profiles: default
2019/12/15 20:20:09 INFO  [main] - Bootstrapping Spring Data repositories in DEFAULT mode.
2019/12/15 20:20:09 INFO  [main] - Finished Spring Data repository scanning in 132ms. Found 3 repository interfaces.
2019/12/15 20:20:10 INFO  [main] - Bean 'org.springframework.transaction.annotation.ProxyTransactionManagementConfiguration' of type [org.springframework.transaction.annotation.ProxyTransactionManagementConfiguration$$EnhancerBySpringCGLIB$$c2ef755] is not eligible for getting processed by all BeanPostProcessors (for example: not eligible for auto-proxying)
2019/12/15 20:20:10 INFO  [main] - Tomcat initialized with port(s): 8080 (http)
2019/12/15 20:20:10 INFO  [main] - Starting service [Tomcat]
2019/12/15 20:20:10 INFO  [main] - Starting Servlet engine: [Apache Tomcat/9.0.17]
2019/12/15 20:20:10 INFO  [main] - Initializing Spring embedded WebApplicationContext
2019/12/15 20:20:10 INFO  [main] - Root WebApplicationContext: initialization completed in 2553 ms
2019/12/15 20:20:11 INFO  [main] - HikariPool-1 - Starting...
2019/12/15 20:20:11 INFO  [main] - HikariPool-1 - Start completed.
2019/12/15 20:20:11 INFO  [main] - HHH000204: Processing PersistenceUnitInfo [name: default]
2019/12/15 20:20:11 INFO  [main] - HHH000412: Hibernate Core {5.4.2.Final}
2019/12/15 20:20:12 INFO  [main] - HCANN000001: Hibernate Commons Annotations {5.1.0.Final}
2019/12/15 20:20:12 INFO  [main] - HHH000400: Using dialect: org.hibernate.dialect.MySQL5Dialect
2019/12/15 20:20:12 INFO  [main] - HHH000182: No default (no-argument) constructor for class: com.koikeya.project1.domain.model.TempUser (class must be instantiated by Interceptor)
2019/12/15 20:20:12 INFO  [main] - HHH000490: Using JtaPlatform implementation: [org.hibernate.engine.transaction.jta.platform.internal.NoJtaPlatform]
2019/12/15 20:20:12 INFO  [main] - Initialized JPA EntityManagerFactory for persistence unit 'default'
2019/12/15 20:20:12 WARN  [main] - spring.jpa.open-in-view is enabled by default. Therefore, database queries may be performed during view rendering. Explicitly configure spring.jpa.open-in-view to disable this warning
2019/12/15 20:20:13 WARN  [main] - Exception encountered during context initialization - cancelling refresh attempt: org.springframework.beans.factory.UnsatisfiedDependencyException: Error creating bean with name 'tempUser' defined in file [C:\pleiades\git\project1\target\classes\com\koikeya\project1\domain\model\TempUser.class]: Unsatisfied dependency expressed through constructor parameter 0; nested exception is org.springframework.beans.factory.NoSuchBeanDefinitionException: No qualifying bean of type 'java.lang.String' available: expected at least 1 bean which qualifies as autowire candidate. Dependency annotations: {}
2019/12/15 20:20:13 INFO  [main] - Closing JPA EntityManagerFactory for persistence unit 'default'
2019/12/15 20:20:13 INFO  [main] - HikariPool-1 - Shutdown initiated...
2019/12/15 20:20:13 INFO  [main] - HikariPool-1 - Shutdown completed.
2019/12/15 20:20:13 INFO  [main] - Stopping service [Tomcat]
2019/12/15 20:20:13 INFO  [main] - 

Error starting ApplicationContext. To display the conditions report re-run your application with 'debug' enabled.
2019/12/15 20:20:13 ERROR [main] - 

***************************
APPLICATION FAILED TO START
***************************

Description:

Parameter 0 of constructor in com.koikeya.project1.domain.model.TempUser required a bean of type 'java.lang.String' that could not be found.


Action:

Consider defining a bean of type 'java.lang.String' in your configuration.

2019/12/15 20:20:40 INFO  [main] - Starting Project1Application on DESKTOP-3B1LDVK with PID 6440 (C:\pleiades\git\project1\target\classes started by user in C:\pleiades\git\project1)
2019/12/15 20:20:40 INFO  [main] - No active profile set, falling back to default profiles: default
2019/12/15 20:20:42 INFO  [main] - Bootstrapping Spring Data repositories in DEFAULT mode.
2019/12/15 20:20:42 INFO  [main] - Finished Spring Data repository scanning in 142ms. Found 3 repository interfaces.
2019/12/15 20:20:42 INFO  [main] - Bean 'org.springframework.transaction.annotation.ProxyTransactionManagementConfiguration' of type [org.springframework.transaction.annotation.ProxyTransactionManagementConfiguration$$EnhancerBySpringCGLIB$$7a0197c6] is not eligible for getting processed by all BeanPostProcessors (for example: not eligible for auto-proxying)
2019/12/15 20:20:42 INFO  [main] - Tomcat initialized with port(s): 8080 (http)
2019/12/15 20:20:42 INFO  [main] - Starting service [Tomcat]
2019/12/15 20:20:42 INFO  [main] - Starting Servlet engine: [Apache Tomcat/9.0.17]
2019/12/15 20:20:43 INFO  [main] - Initializing Spring embedded WebApplicationContext
2019/12/15 20:20:43 INFO  [main] - Root WebApplicationContext: initialization completed in 2372 ms
2019/12/15 20:20:43 INFO  [main] - HikariPool-1 - Starting...
2019/12/15 20:20:44 INFO  [main] - HikariPool-1 - Start completed.
2019/12/15 20:20:44 INFO  [main] - HHH000204: Processing PersistenceUnitInfo [name: default]
2019/12/15 20:20:44 INFO  [main] - HHH000412: Hibernate Core {5.4.2.Final}
2019/12/15 20:20:44 INFO  [main] - HCANN000001: Hibernate Commons Annotations {5.1.0.Final}
2019/12/15 20:20:44 INFO  [main] - HHH000400: Using dialect: org.hibernate.dialect.MySQL5Dialect
2019/12/15 20:20:45 INFO  [main] - HHH000182: No default (no-argument) constructor for class: com.koikeya.project1.domain.model.TempUser (class must be instantiated by Interceptor)
2019/12/15 20:20:45 INFO  [main] - HHH000490: Using JtaPlatform implementation: [org.hibernate.engine.transaction.jta.platform.internal.NoJtaPlatform]
2019/12/15 20:20:45 INFO  [main] - Initialized JPA EntityManagerFactory for persistence unit 'default'
2019/12/15 20:20:45 WARN  [main] - spring.jpa.open-in-view is enabled by default. Therefore, database queries may be performed during view rendering. Explicitly configure spring.jpa.open-in-view to disable this warning
2019/12/15 20:20:45 WARN  [main] - Exception encountered during context initialization - cancelling refresh attempt: org.springframework.beans.factory.UnsatisfiedDependencyException: Error creating bean with name 'tempUser' defined in file [C:\pleiades\git\project1\target\classes\com\koikeya\project1\domain\model\TempUser.class]: Unsatisfied dependency expressed through constructor parameter 0; nested exception is org.springframework.beans.factory.NoSuchBeanDefinitionException: No qualifying bean of type 'java.lang.String' available: expected at least 1 bean which qualifies as autowire candidate. Dependency annotations: {}
2019/12/15 20:20:45 INFO  [main] - Closing JPA EntityManagerFactory for persistence unit 'default'
2019/12/15 20:20:45 INFO  [main] - HikariPool-1 - Shutdown initiated...
2019/12/15 20:20:45 INFO  [main] - HikariPool-1 - Shutdown completed.
2019/12/15 20:20:45 INFO  [main] - Stopping service [Tomcat]
2019/12/15 20:20:45 INFO  [main] - 

Error starting ApplicationContext. To display the conditions report re-run your application with 'debug' enabled.
2019/12/15 20:20:45 ERROR [main] - 

***************************
APPLICATION FAILED TO START
***************************

Description:

Parameter 0 of constructor in com.koikeya.project1.domain.model.TempUser required a bean of type 'java.lang.String' that could not be found.


Action:

Consider defining a bean of type 'java.lang.String' in your configuration.

2019/12/15 20:21:17 INFO  [main] - Starting Project1Application on DESKTOP-3B1LDVK with PID 4952 (C:\pleiades\git\project1\target\classes started by user in C:\pleiades\git\project1)
2019/12/15 20:21:17 INFO  [main] - No active profile set, falling back to default profiles: default
2019/12/15 20:21:19 INFO  [main] - Bootstrapping Spring Data repositories in DEFAULT mode.
2019/12/15 20:21:19 INFO  [main] - Finished Spring Data repository scanning in 138ms. Found 3 repository interfaces.
2019/12/15 20:21:19 INFO  [main] - Bean 'org.springframework.transaction.annotation.ProxyTransactionManagementConfiguration' of type [org.springframework.transaction.annotation.ProxyTransactionManagementConfiguration$$EnhancerBySpringCGLIB$$669dac1e] is not eligible for getting processed by all BeanPostProcessors (for example: not eligible for auto-proxying)
2019/12/15 20:21:19 INFO  [main] - Tomcat initialized with port(s): 8080 (http)
2019/12/15 20:21:19 INFO  [main] - Starting service [Tomcat]
2019/12/15 20:21:19 INFO  [main] - Starting Servlet engine: [Apache Tomcat/9.0.17]
2019/12/15 20:21:20 INFO  [main] - Initializing Spring embedded WebApplicationContext
2019/12/15 20:21:20 INFO  [main] - Root WebApplicationContext: initialization completed in 2323 ms
2019/12/15 20:21:20 INFO  [main] - HikariPool-1 - Starting...
2019/12/15 20:21:21 INFO  [main] - HikariPool-1 - Start completed.
2019/12/15 20:21:21 INFO  [main] - HHH000204: Processing PersistenceUnitInfo [name: default]
2019/12/15 20:21:21 INFO  [main] - HHH000412: Hibernate Core {5.4.2.Final}
2019/12/15 20:21:21 INFO  [main] - HCANN000001: Hibernate Commons Annotations {5.1.0.Final}
2019/12/15 20:21:21 INFO  [main] - HHH000400: Using dialect: org.hibernate.dialect.MySQL5Dialect
2019/12/15 20:21:22 INFO  [main] - HHH000490: Using JtaPlatform implementation: [org.hibernate.engine.transaction.jta.platform.internal.NoJtaPlatform]
2019/12/15 20:21:22 INFO  [main] - Initialized JPA EntityManagerFactory for persistence unit 'default'
2019/12/15 20:21:22 WARN  [main] - spring.jpa.open-in-view is enabled by default. Therefore, database queries may be performed during view rendering. Explicitly configure spring.jpa.open-in-view to disable this warning
2019/12/15 20:21:22 INFO  [main] - Creating filter chain: any request, [org.springframework.security.web.context.request.async.WebAsyncManagerIntegrationFilter@4c2ab536, org.springframework.security.web.context.SecurityContextPersistenceFilter@11e834ad, org.springframework.security.web.header.HeaderWriterFilter@1187dc82, org.springframework.security.web.csrf.CsrfFilter@1ac0cdb0, org.springframework.security.web.authentication.logout.LogoutFilter@36b53f08, org.springframework.security.web.authentication.UsernamePasswordAuthenticationFilter@79d63a4f, org.springframework.security.web.savedrequest.RequestCacheAwareFilter@25d911a, org.springframework.security.web.servletapi.SecurityContextHolderAwareRequestFilter@38732372, org.springframework.security.web.authentication.AnonymousAuthenticationFilter@22fb9a2c, org.springframework.security.web.session.SessionManagementFilter@18e4551, org.springframework.security.web.access.ExceptionTranslationFilter@ca546a1, org.springframework.security.web.access.intercept.FilterSecurityInterceptor@baa227e]
2019/12/15 20:21:23 INFO  [main] - Initializing ExecutorService 'applicationTaskExecutor'
2019/12/15 20:21:23 INFO  [main] - Adding welcome page template: index
2019/12/15 20:21:23 INFO  [main] - Tomcat started on port(s): 8080 (http) with context path '/project1'
2019/12/15 20:21:23 INFO  [main] - Started Project1Application in 6.062 seconds (JVM running for 7.249)
2019/12/15 20:32:24 INFO  [main] - Starting Project1Application on DESKTOP-3B1LDVK with PID 1048 (C:\pleiades\git\project1\target\classes started by user in C:\pleiades\git\project1)
2019/12/15 20:32:24 INFO  [main] - No active profile set, falling back to default profiles: default
2019/12/15 20:32:25 INFO  [main] - Bootstrapping Spring Data repositories in DEFAULT mode.
2019/12/15 20:32:25 INFO  [main] - Finished Spring Data repository scanning in 132ms. Found 3 repository interfaces.
2019/12/15 20:32:25 INFO  [main] - Bean 'org.springframework.transaction.annotation.ProxyTransactionManagementConfiguration' of type [org.springframework.transaction.annotation.ProxyTransactionManagementConfiguration$$EnhancerBySpringCGLIB$$817b7051] is not eligible for getting processed by all BeanPostProcessors (for example: not eligible for auto-proxying)
2019/12/15 20:32:26 INFO  [main] - Tomcat initialized with port(s): 8080 (http)
2019/12/15 20:32:26 INFO  [main] - Starting service [Tomcat]
2019/12/15 20:32:26 INFO  [main] - Starting Servlet engine: [Apache Tomcat/9.0.17]
2019/12/15 20:32:26 INFO  [main] - Initializing Spring embedded WebApplicationContext
2019/12/15 20:32:26 INFO  [main] - Root WebApplicationContext: initialization completed in 2245 ms
2019/12/15 20:32:26 INFO  [main] - HikariPool-1 - Starting...
2019/12/15 20:32:27 INFO  [main] - HikariPool-1 - Start completed.
2019/12/15 20:32:27 INFO  [main] - HHH000204: Processing PersistenceUnitInfo [name: default]
2019/12/15 20:32:27 INFO  [main] - HHH000412: Hibernate Core {5.4.2.Final}
2019/12/15 20:32:27 INFO  [main] - HCANN000001: Hibernate Commons Annotations {5.1.0.Final}
2019/12/15 20:32:27 INFO  [main] - HHH000400: Using dialect: org.hibernate.dialect.MySQL5Dialect
2019/12/15 20:32:28 INFO  [main] - HHH000182: No default (no-argument) constructor for class: com.koikeya.project1.domain.model.TempUser (class must be instantiated by Interceptor)
2019/12/15 20:32:28 INFO  [main] - HHH000490: Using JtaPlatform implementation: [org.hibernate.engine.transaction.jta.platform.internal.NoJtaPlatform]
2019/12/15 20:32:28 INFO  [main] - Initialized JPA EntityManagerFactory for persistence unit 'default'
2019/12/15 20:32:28 WARN  [main] - spring.jpa.open-in-view is enabled by default. Therefore, database queries may be performed during view rendering. Explicitly configure spring.jpa.open-in-view to disable this warning
2019/12/15 20:32:28 WARN  [main] - Exception encountered during context initialization - cancelling refresh attempt: org.springframework.beans.factory.UnsatisfiedDependencyException: Error creating bean with name 'tempUser' defined in file [C:\pleiades\git\project1\target\classes\com\koikeya\project1\domain\model\TempUser.class]: Unsatisfied dependency expressed through constructor parameter 0; nested exception is org.springframework.beans.factory.NoSuchBeanDefinitionException: No qualifying bean of type 'java.lang.String' available: expected at least 1 bean which qualifies as autowire candidate. Dependency annotations: {}
2019/12/15 20:32:28 INFO  [main] - Closing JPA EntityManagerFactory for persistence unit 'default'
2019/12/15 20:32:28 INFO  [main] - HikariPool-1 - Shutdown initiated...
2019/12/15 20:32:28 INFO  [main] - HikariPool-1 - Shutdown completed.
2019/12/15 20:32:28 INFO  [main] - Stopping service [Tomcat]
2019/12/15 20:32:28 INFO  [main] - 

Error starting ApplicationContext. To display the conditions report re-run your application with 'debug' enabled.
2019/12/15 20:32:29 ERROR [main] - 

***************************
APPLICATION FAILED TO START
***************************

Description:

Parameter 0 of constructor in com.koikeya.project1.domain.model.TempUser required a bean of type 'java.lang.String' that could not be found.


Action:

Consider defining a bean of type 'java.lang.String' in your configuration.

2019/12/15 20:34:15 INFO  [RMI TCP Connection(2)-127.0.0.1] - Application shutdown requested.
2019/12/15 20:34:15 INFO  [RMI TCP Connection(2)-127.0.0.1] - Shutting down ExecutorService 'applicationTaskExecutor'
2019/12/15 20:34:15 INFO  [RMI TCP Connection(2)-127.0.0.1] - Closing JPA EntityManagerFactory for persistence unit 'default'
2019/12/15 20:34:15 INFO  [RMI TCP Connection(2)-127.0.0.1] - HikariPool-1 - Shutdown initiated...
2019/12/15 20:34:15 INFO  [RMI TCP Connection(2)-127.0.0.1] - HikariPool-1 - Shutdown completed.
2019/12/15 20:34:27 INFO  [main] - Starting Project1Application on DESKTOP-3B1LDVK with PID 6868 (C:\pleiades\git\project1\target\classes started by user in C:\pleiades\git\project1)
2019/12/15 20:34:27 INFO  [main] - No active profile set, falling back to default profiles: default
2019/12/15 20:34:29 INFO  [main] - Bootstrapping Spring Data repositories in DEFAULT mode.
2019/12/15 20:34:29 INFO  [main] - Finished Spring Data repository scanning in 127ms. Found 3 repository interfaces.
2019/12/15 20:34:29 INFO  [main] - Bean 'org.springframework.transaction.annotation.ProxyTransactionManagementConfiguration' of type [org.springframework.transaction.annotation.ProxyTransactionManagementConfiguration$$EnhancerBySpringCGLIB$$8628216f] is not eligible for getting processed by all BeanPostProcessors (for example: not eligible for auto-proxying)
2019/12/15 20:34:29 INFO  [main] - Tomcat initialized with port(s): 8080 (http)
2019/12/15 20:34:29 INFO  [main] - Starting service [Tomcat]
2019/12/15 20:34:29 INFO  [main] - Starting Servlet engine: [Apache Tomcat/9.0.17]
2019/12/15 20:34:30 INFO  [main] - Initializing Spring embedded WebApplicationContext
2019/12/15 20:34:30 INFO  [main] - Root WebApplicationContext: initialization completed in 2437 ms
2019/12/15 20:34:30 INFO  [main] - HikariPool-1 - Starting...
2019/12/15 20:34:31 INFO  [main] - HikariPool-1 - Start completed.
2019/12/15 20:34:31 INFO  [main] - HHH000204: Processing PersistenceUnitInfo [name: default]
2019/12/15 20:34:31 INFO  [main] - HHH000412: Hibernate Core {5.4.2.Final}
2019/12/15 20:34:31 INFO  [main] - HCANN000001: Hibernate Commons Annotations {5.1.0.Final}
2019/12/15 20:34:31 INFO  [main] - HHH000400: Using dialect: org.hibernate.dialect.MySQL5Dialect
2019/12/15 20:34:31 INFO  [main] - HHH000182: No default (no-argument) constructor for class: com.koikeya.project1.domain.model.TempUser (class must be instantiated by Interceptor)
2019/12/15 20:34:32 INFO  [main] - HHH000490: Using JtaPlatform implementation: [org.hibernate.engine.transaction.jta.platform.internal.NoJtaPlatform]
2019/12/15 20:34:32 INFO  [main] - Initialized JPA EntityManagerFactory for persistence unit 'default'
2019/12/15 20:34:32 WARN  [main] - spring.jpa.open-in-view is enabled by default. Therefore, database queries may be performed during view rendering. Explicitly configure spring.jpa.open-in-view to disable this warning
2019/12/15 20:34:32 WARN  [main] - Exception encountered during context initialization - cancelling refresh attempt: org.springframework.beans.factory.UnsatisfiedDependencyException: Error creating bean with name 'tempUser' defined in file [C:\pleiades\git\project1\target\classes\com\koikeya\project1\domain\model\TempUser.class]: Unsatisfied dependency expressed through constructor parameter 0; nested exception is org.springframework.beans.factory.NoSuchBeanDefinitionException: No qualifying bean of type 'java.lang.String' available: expected at least 1 bean which qualifies as autowire candidate. Dependency annotations: {}
2019/12/15 20:34:32 INFO  [main] - Closing JPA EntityManagerFactory for persistence unit 'default'
2019/12/15 20:34:32 INFO  [main] - HikariPool-1 - Shutdown initiated...
2019/12/15 20:34:32 INFO  [main] - HikariPool-1 - Shutdown completed.
2019/12/15 20:34:32 INFO  [main] - Stopping service [Tomcat]
2019/12/15 20:34:32 INFO  [main] - 

Error starting ApplicationContext. To display the conditions report re-run your application with 'debug' enabled.
2019/12/15 20:34:32 ERROR [main] - 

***************************
APPLICATION FAILED TO START
***************************

Description:

Parameter 0 of constructor in com.koikeya.project1.domain.model.TempUser required a bean of type 'java.lang.String' that could not be found.


Action:

Consider defining a bean of type 'java.lang.String' in your configuration.

2019/12/15 20:42:11 INFO  [main] - Starting Project1Application on DESKTOP-3B1LDVK with PID 13276 (C:\pleiades\git\project1\target\classes started by user in C:\pleiades\git\project1)
2019/12/15 20:42:11 INFO  [main] - No active profile set, falling back to default profiles: default
2019/12/15 20:42:12 INFO  [main] - Bootstrapping Spring Data repositories in DEFAULT mode.
2019/12/15 20:42:12 INFO  [main] - Finished Spring Data repository scanning in 138ms. Found 3 repository interfaces.
2019/12/15 20:42:13 INFO  [main] - Bean 'org.springframework.transaction.annotation.ProxyTransactionManagementConfiguration' of type [org.springframework.transaction.annotation.ProxyTransactionManagementConfiguration$$EnhancerBySpringCGLIB$$d9d301ff] is not eligible for getting processed by all BeanPostProcessors (for example: not eligible for auto-proxying)
2019/12/15 20:42:13 INFO  [main] - Tomcat initialized with port(s): 8080 (http)
2019/12/15 20:42:13 INFO  [main] - Starting service [Tomcat]
2019/12/15 20:42:13 INFO  [main] - Starting Servlet engine: [Apache Tomcat/9.0.17]
2019/12/15 20:42:13 INFO  [main] - Initializing Spring embedded WebApplicationContext
2019/12/15 20:42:13 INFO  [main] - Root WebApplicationContext: initialization completed in 2107 ms
2019/12/15 20:42:14 INFO  [main] - HikariPool-1 - Starting...
2019/12/15 20:42:14 INFO  [main] - HikariPool-1 - Start completed.
2019/12/15 20:42:14 INFO  [main] - HHH000204: Processing PersistenceUnitInfo [name: default]
2019/12/15 20:42:14 INFO  [main] - HHH000412: Hibernate Core {5.4.2.Final}
2019/12/15 20:42:15 INFO  [main] - HCANN000001: Hibernate Commons Annotations {5.1.0.Final}
2019/12/15 20:42:15 INFO  [main] - HHH000400: Using dialect: org.hibernate.dialect.MySQL5Dialect
2019/12/15 20:42:15 INFO  [main] - HHH000182: No default (no-argument) constructor for class: com.koikeya.project1.domain.model.TempUser (class must be instantiated by Interceptor)
2019/12/15 20:42:15 INFO  [main] - HHH000490: Using JtaPlatform implementation: [org.hibernate.engine.transaction.jta.platform.internal.NoJtaPlatform]
2019/12/15 20:42:15 INFO  [main] - Initialized JPA EntityManagerFactory for persistence unit 'default'
2019/12/15 20:42:15 WARN  [main] - spring.jpa.open-in-view is enabled by default. Therefore, database queries may be performed during view rendering. Explicitly configure spring.jpa.open-in-view to disable this warning
2019/12/15 20:42:16 WARN  [main] - Exception encountered during context initialization - cancelling refresh attempt: org.springframework.beans.factory.UnsatisfiedDependencyException: Error creating bean with name 'signUpAuthenticationServiceImpl': Unsatisfied dependency expressed through field 'tempUser'; nested exception is org.springframework.beans.factory.NoSuchBeanDefinitionException: No qualifying bean of type 'com.koikeya.project1.domain.model.TempUser' available: expected at least 1 bean which qualifies as autowire candidate. Dependency annotations: {@org.springframework.beans.factory.annotation.Autowired(required=true)}
2019/12/15 20:42:16 INFO  [main] - Closing JPA EntityManagerFactory for persistence unit 'default'
2019/12/15 20:42:16 INFO  [main] - HikariPool-1 - Shutdown initiated...
2019/12/15 20:42:16 INFO  [main] - HikariPool-1 - Shutdown completed.
2019/12/15 20:42:16 INFO  [main] - Stopping service [Tomcat]
2019/12/15 20:42:16 INFO  [main] - 

Error starting ApplicationContext. To display the conditions report re-run your application with 'debug' enabled.
2019/12/15 20:42:16 ERROR [main] - 

***************************
APPLICATION FAILED TO START
***************************

Description:

Field tempUser in com.koikeya.project1.domain.service.impl.SignUpAuthenticationServiceImpl required a bean of type 'com.koikeya.project1.domain.model.TempUser' that could not be found.

The injection point has the following annotations:
	- @org.springframework.beans.factory.annotation.Autowired(required=true)


Action:

Consider defining a bean of type 'com.koikeya.project1.domain.model.TempUser' in your configuration.

2019/12/15 21:16:00 INFO  [main] - Starting Project1Application on DESKTOP-3B1LDVK with PID 10508 (C:\pleiades\git\project1\target\classes started by user in C:\pleiades\git\project1)
2019/12/15 21:16:00 INFO  [main] - No active profile set, falling back to default profiles: default
2019/12/15 21:16:01 INFO  [main] - Bootstrapping Spring Data repositories in DEFAULT mode.
2019/12/15 21:16:02 INFO  [main] - Finished Spring Data repository scanning in 239ms. Found 3 repository interfaces.
2019/12/15 21:16:02 INFO  [main] - Bean 'org.springframework.transaction.annotation.ProxyTransactionManagementConfiguration' of type [org.springframework.transaction.annotation.ProxyTransactionManagementConfiguration$$EnhancerBySpringCGLIB$$ea9786cf] is not eligible for getting processed by all BeanPostProcessors (for example: not eligible for auto-proxying)
2019/12/15 21:16:02 INFO  [main] - Tomcat initialized with port(s): 8080 (http)
2019/12/15 21:16:02 INFO  [main] - Starting service [Tomcat]
2019/12/15 21:16:02 INFO  [main] - Starting Servlet engine: [Apache Tomcat/9.0.17]
2019/12/15 21:16:03 INFO  [main] - Initializing Spring embedded WebApplicationContext
2019/12/15 21:16:03 INFO  [main] - Root WebApplicationContext: initialization completed in 2511 ms
2019/12/15 21:16:03 INFO  [main] - HikariPool-1 - Starting...
2019/12/15 21:16:04 INFO  [main] - HikariPool-1 - Start completed.
2019/12/15 21:16:04 INFO  [main] - HHH000204: Processing PersistenceUnitInfo [name: default]
2019/12/15 21:16:04 INFO  [main] - HHH000412: Hibernate Core {5.4.2.Final}
2019/12/15 21:16:04 INFO  [main] - HCANN000001: Hibernate Commons Annotations {5.1.0.Final}
2019/12/15 21:16:04 INFO  [main] - HHH000400: Using dialect: org.hibernate.dialect.MySQL5Dialect
2019/12/15 21:16:05 INFO  [main] - HHH000490: Using JtaPlatform implementation: [org.hibernate.engine.transaction.jta.platform.internal.NoJtaPlatform]
2019/12/15 21:16:05 INFO  [main] - Initialized JPA EntityManagerFactory for persistence unit 'default'
2019/12/15 21:16:05 WARN  [main] - spring.jpa.open-in-view is enabled by default. Therefore, database queries may be performed during view rendering. Explicitly configure spring.jpa.open-in-view to disable this warning
2019/12/15 21:16:05 INFO  [main] - Creating filter chain: any request, [org.springframework.security.web.context.request.async.WebAsyncManagerIntegrationFilter@600bbf9e, org.springframework.security.web.context.SecurityContextPersistenceFilter@22b7ef2b, org.springframework.security.web.header.HeaderWriterFilter@6c96403e, org.springframework.security.web.csrf.CsrfFilter@6fef75c6, org.springframework.security.web.authentication.logout.LogoutFilter@4d4df0f4, org.springframework.security.web.authentication.UsernamePasswordAuthenticationFilter@45cd8607, org.springframework.security.web.savedrequest.RequestCacheAwareFilter@3c17bd0b, org.springframework.security.web.servletapi.SecurityContextHolderAwareRequestFilter@1ac0cdb0, org.springframework.security.web.authentication.AnonymousAuthenticationFilter@18d30e7, org.springframework.security.web.session.SessionManagementFilter@2353354a, org.springframework.security.web.access.ExceptionTranslationFilter@72eed547, org.springframework.security.web.access.intercept.FilterSecurityInterceptor@7185e611]
2019/12/15 21:16:05 INFO  [main] - Initializing ExecutorService 'applicationTaskExecutor'
2019/12/15 21:16:06 INFO  [main] - Adding welcome page template: index
2019/12/15 21:16:06 INFO  [main] - Tomcat started on port(s): 8080 (http) with context path '/project1'
2019/12/15 21:16:06 INFO  [main] - Started Project1Application in 6.466 seconds (JVM running for 7.789)
2019/12/15 21:16:10 INFO  [RMI TCP Connection(2)-127.0.0.1] - Application shutdown requested.
2019/12/15 21:16:10 INFO  [RMI TCP Connection(2)-127.0.0.1] - Shutting down ExecutorService 'applicationTaskExecutor'
2019/12/15 21:16:10 INFO  [RMI TCP Connection(2)-127.0.0.1] - Closing JPA EntityManagerFactory for persistence unit 'default'
2019/12/15 21:16:10 INFO  [RMI TCP Connection(2)-127.0.0.1] - HikariPool-1 - Shutdown initiated...
2019/12/15 21:16:10 INFO  [RMI TCP Connection(2)-127.0.0.1] - HikariPool-1 - Shutdown completed.
2019/12/15 21:20:57 INFO  [main] - Starting Project1Application on DESKTOP-3B1LDVK with PID 424 (C:\pleiades\git\project1\target\classes started by user in C:\pleiades\git\project1)
2019/12/15 21:20:57 INFO  [main] - No active profile set, falling back to default profiles: default
2019/12/15 21:20:58 INFO  [main] - Bootstrapping Spring Data repositories in DEFAULT mode.
2019/12/15 21:20:59 INFO  [main] - Finished Spring Data repository scanning in 165ms. Found 3 repository interfaces.
2019/12/15 21:20:59 INFO  [main] - Bean 'org.springframework.transaction.annotation.ProxyTransactionManagementConfiguration' of type [org.springframework.transaction.annotation.ProxyTransactionManagementConfiguration$$EnhancerBySpringCGLIB$$35504227] is not eligible for getting processed by all BeanPostProcessors (for example: not eligible for auto-proxying)
2019/12/15 21:20:59 INFO  [main] - Tomcat initialized with port(s): 8080 (http)
2019/12/15 21:20:59 INFO  [main] - Starting service [Tomcat]
2019/12/15 21:20:59 INFO  [main] - Starting Servlet engine: [Apache Tomcat/9.0.17]
2019/12/15 21:21:00 INFO  [main] - Initializing Spring embedded WebApplicationContext
2019/12/15 21:21:00 INFO  [main] - Root WebApplicationContext: initialization completed in 2834 ms
2019/12/15 21:21:00 INFO  [main] - HikariPool-1 - Starting...
2019/12/15 21:21:01 INFO  [main] - HikariPool-1 - Start completed.
2019/12/15 21:21:01 INFO  [main] - HHH000204: Processing PersistenceUnitInfo [name: default]
2019/12/15 21:21:01 INFO  [main] - HHH000412: Hibernate Core {5.4.2.Final}
2019/12/15 21:21:01 INFO  [main] - HCANN000001: Hibernate Commons Annotations {5.1.0.Final}
2019/12/15 21:21:01 INFO  [main] - HHH000400: Using dialect: org.hibernate.dialect.MySQL5Dialect
2019/12/15 21:21:02 INFO  [main] - HHH000490: Using JtaPlatform implementation: [org.hibernate.engine.transaction.jta.platform.internal.NoJtaPlatform]
2019/12/15 21:21:02 INFO  [main] - Initialized JPA EntityManagerFactory for persistence unit 'default'
2019/12/15 21:21:02 WARN  [main] - spring.jpa.open-in-view is enabled by default. Therefore, database queries may be performed during view rendering. Explicitly configure spring.jpa.open-in-view to disable this warning
2019/12/15 21:21:03 INFO  [main] - Creating filter chain: any request, [org.springframework.security.web.context.request.async.WebAsyncManagerIntegrationFilter@46d1b59, org.springframework.security.web.context.SecurityContextPersistenceFilter@639cb788, org.springframework.security.web.header.HeaderWriterFilter@aca2fc3, org.springframework.security.web.csrf.CsrfFilter@6e2eead5, org.springframework.security.web.authentication.logout.LogoutFilter@4a6a6a69, org.springframework.security.web.authentication.UsernamePasswordAuthenticationFilter@1d8e9d3e, org.springframework.security.web.savedrequest.RequestCacheAwareFilter@4d25f816, org.springframework.security.web.servletapi.SecurityContextHolderAwareRequestFilter@6c9bf3b5, org.springframework.security.web.authentication.AnonymousAuthenticationFilter@61d2f267, org.springframework.security.web.session.SessionManagementFilter@76828577, org.springframework.security.web.access.ExceptionTranslationFilter@3d0352, org.springframework.security.web.access.intercept.FilterSecurityInterceptor@8b670c0]
2019/12/15 21:21:03 INFO  [main] - Initializing ExecutorService 'applicationTaskExecutor'
2019/12/15 21:21:03 INFO  [main] - Adding welcome page template: index
2019/12/15 21:21:03 INFO  [main] - Tomcat started on port(s): 8080 (http) with context path '/project1'
2019/12/15 21:21:03 INFO  [main] - Started Project1Application in 7.099 seconds (JVM running for 8.933)
2019/12/15 21:21:09 INFO  [http-nio-8080-exec-1] - Initializing Spring DispatcherServlet 'dispatcherServlet'
2019/12/15 21:21:09 INFO  [http-nio-8080-exec-1] - Initializing Servlet 'dispatcherServlet'
2019/12/15 21:21:09 INFO  [http-nio-8080-exec-1] - Completed initialization in 12 ms
2019/12/15 22:10:12 INFO  [RMI TCP Connection(2)-127.0.0.1] - Application shutdown requested.
2019/12/15 22:10:12 INFO  [RMI TCP Connection(2)-127.0.0.1] - Shutting down ExecutorService 'applicationTaskExecutor'
2019/12/15 22:10:12 INFO  [RMI TCP Connection(2)-127.0.0.1] - Closing JPA EntityManagerFactory for persistence unit 'default'
2019/12/15 22:10:13 INFO  [RMI TCP Connection(2)-127.0.0.1] - HikariPool-1 - Shutdown initiated...
2019/12/15 22:10:13 INFO  [RMI TCP Connection(2)-127.0.0.1] - HikariPool-1 - Shutdown completed.
2019/12/15 22:10:43 INFO  [main] - Starting Project1Application on DESKTOP-3B1LDVK with PID 13560 (C:\pleiades\git\project1\target\classes started by user in C:\pleiades\git\project1)
2019/12/15 22:10:43 INFO  [main] - No active profile set, falling back to default profiles: default
2019/12/15 22:10:44 INFO  [main] - Bootstrapping Spring Data repositories in DEFAULT mode.
2019/12/15 22:10:44 INFO  [main] - Finished Spring Data repository scanning in 134ms. Found 3 repository interfaces.
2019/12/15 22:10:44 INFO  [main] - Bean 'org.springframework.transaction.annotation.ProxyTransactionManagementConfiguration' of type [org.springframework.transaction.annotation.ProxyTransactionManagementConfiguration$$EnhancerBySpringCGLIB$$8ca49bdb] is not eligible for getting processed by all BeanPostProcessors (for example: not eligible for auto-proxying)
2019/12/15 22:10:45 INFO  [main] - Tomcat initialized with port(s): 8080 (http)
2019/12/15 22:10:45 INFO  [main] - Starting service [Tomcat]
2019/12/15 22:10:45 INFO  [main] - Starting Servlet engine: [Apache Tomcat/9.0.17]
2019/12/15 22:10:45 INFO  [main] - Initializing Spring embedded WebApplicationContext
2019/12/15 22:10:45 INFO  [main] - Root WebApplicationContext: initialization completed in 2231 ms
2019/12/15 22:10:45 WARN  [main] - Exception encountered during context initialization - cancelling refresh attempt: org.springframework.beans.factory.UnsatisfiedDependencyException: Error creating bean with name 'org.springframework.boot.autoconfigure.orm.jpa.HibernateJpaConfiguration': Unsatisfied dependency expressed through constructor parameter 0; nested exception is org.springframework.beans.factory.BeanCreationException: Error creating bean with name 'dataSource' defined in class path resource [org/springframework/boot/autoconfigure/jdbc/DataSourceConfiguration$Hikari.class]: Bean instantiation via factory method failed; nested exception is org.springframework.beans.BeanInstantiationException: Failed to instantiate [com.zaxxer.hikari.HikariDataSource]: Factory method 'dataSource' threw exception; nested exception is org.springframework.boot.autoconfigure.jdbc.DataSourceProperties$DataSourceBeanCreationException: Failed to determine a suitable driver class
2019/12/15 22:10:45 INFO  [main] - Stopping service [Tomcat]
2019/12/15 22:10:45 INFO  [main] - 

Error starting ApplicationContext. To display the conditions report re-run your application with 'debug' enabled.
2019/12/15 22:10:45 ERROR [main] - 

***************************
APPLICATION FAILED TO START
***************************

Description:

Failed to configure a DataSource: 'url' attribute is not specified and no embedded datasource could be configured.

Reason: Failed to determine a suitable driver class


Action:

Consider the following:
	If you want an embedded database (H2, HSQL or Derby), please put it on the classpath.
	If you have database settings to be loaded from a particular profile you may need to activate it (no profiles are currently active).

2019/12/15 22:13:09 INFO  [main] - Starting Project1Application on DESKTOP-3B1LDVK with PID 14240 (C:\pleiades\git\project1\target\classes started by user in C:\pleiades\git\project1)
2019/12/15 22:13:09 INFO  [main] - No active profile set, falling back to default profiles: default
2019/12/15 22:13:10 INFO  [main] - Bootstrapping Spring Data repositories in DEFAULT mode.
2019/12/15 22:13:10 INFO  [main] - Finished Spring Data repository scanning in 140ms. Found 3 repository interfaces.
2019/12/15 22:13:11 INFO  [main] - Bean 'org.springframework.transaction.annotation.ProxyTransactionManagementConfiguration' of type [org.springframework.transaction.annotation.ProxyTransactionManagementConfiguration$$EnhancerBySpringCGLIB$$9a116d30] is not eligible for getting processed by all BeanPostProcessors (for example: not eligible for auto-proxying)
2019/12/15 22:13:11 INFO  [main] - Tomcat initialized with port(s): 8080 (http)
2019/12/15 22:13:11 INFO  [main] - Starting service [Tomcat]
2019/12/15 22:13:11 INFO  [main] - Starting Servlet engine: [Apache Tomcat/9.0.17]
2019/12/15 22:13:12 INFO  [main] - Initializing Spring embedded WebApplicationContext
2019/12/15 22:13:12 INFO  [main] - Root WebApplicationContext: initialization completed in 2897 ms
2019/12/15 22:13:12 WARN  [main] - Exception encountered during context initialization - cancelling refresh attempt: org.springframework.beans.factory.UnsatisfiedDependencyException: Error creating bean with name 'org.springframework.boot.autoconfigure.orm.jpa.HibernateJpaConfiguration': Unsatisfied dependency expressed through constructor parameter 0; nested exception is org.springframework.beans.factory.BeanCreationException: Error creating bean with name 'dataSource' defined in class path resource [org/springframework/boot/autoconfigure/jdbc/DataSourceConfiguration$Hikari.class]: Bean instantiation via factory method failed; nested exception is org.springframework.beans.BeanInstantiationException: Failed to instantiate [com.zaxxer.hikari.HikariDataSource]: Factory method 'dataSource' threw exception; nested exception is org.springframework.boot.autoconfigure.jdbc.DataSourceProperties$DataSourceBeanCreationException: Failed to determine a suitable driver class
2019/12/15 22:13:12 INFO  [main] - Stopping service [Tomcat]
2019/12/15 22:13:12 INFO  [main] - 

Error starting ApplicationContext. To display the conditions report re-run your application with 'debug' enabled.
2019/12/15 22:13:12 ERROR [main] - 

***************************
APPLICATION FAILED TO START
***************************

Description:

Failed to configure a DataSource: 'url' attribute is not specified and no embedded datasource could be configured.

Reason: Failed to determine a suitable driver class


Action:

Consider the following:
	If you want an embedded database (H2, HSQL or Derby), please put it on the classpath.
	If you have database settings to be loaded from a particular profile you may need to activate it (no profiles are currently active).

2019/12/15 22:14:54 INFO  [main] - Starting Project1Application on DESKTOP-3B1LDVK with PID 13768 (C:\pleiades\git\project1\target\classes started by user in C:\pleiades\git\project1)
2019/12/15 22:14:54 INFO  [main] - No active profile set, falling back to default profiles: default
2019/12/15 22:14:55 INFO  [main] - Bootstrapping Spring Data repositories in DEFAULT mode.
2019/12/15 22:14:56 INFO  [main] - Finished Spring Data repository scanning in 144ms. Found 3 repository interfaces.
2019/12/15 22:14:56 INFO  [main] - Bean 'org.springframework.transaction.annotation.ProxyTransactionManagementConfiguration' of type [org.springframework.transaction.annotation.ProxyTransactionManagementConfiguration$$EnhancerBySpringCGLIB$$5a71e2a4] is not eligible for getting processed by all BeanPostProcessors (for example: not eligible for auto-proxying)
2019/12/15 22:14:56 INFO  [main] - Tomcat initialized with port(s): 8080 (http)
2019/12/15 22:14:56 INFO  [main] - Starting service [Tomcat]
2019/12/15 22:14:56 INFO  [main] - Starting Servlet engine: [Apache Tomcat/9.0.17]
2019/12/15 22:14:57 INFO  [main] - Initializing Spring embedded WebApplicationContext
2019/12/15 22:14:57 INFO  [main] - Root WebApplicationContext: initialization completed in 2331 ms
2019/12/15 22:14:57 WARN  [main] - Exception encountered during context initialization - cancelling refresh attempt: org.springframework.beans.factory.UnsatisfiedDependencyException: Error creating bean with name 'org.springframework.boot.autoconfigure.orm.jpa.HibernateJpaConfiguration': Unsatisfied dependency expressed through constructor parameter 0; nested exception is org.springframework.beans.factory.BeanCreationException: Error creating bean with name 'dataSource' defined in class path resource [org/springframework/boot/autoconfigure/jdbc/DataSourceConfiguration$Hikari.class]: Bean instantiation via factory method failed; nested exception is org.springframework.beans.BeanInstantiationException: Failed to instantiate [com.zaxxer.hikari.HikariDataSource]: Factory method 'dataSource' threw exception; nested exception is org.springframework.boot.autoconfigure.jdbc.DataSourceProperties$DataSourceBeanCreationException: Failed to determine a suitable driver class
2019/12/15 22:14:57 INFO  [main] - Stopping service [Tomcat]
2019/12/15 22:14:57 INFO  [main] - 

Error starting ApplicationContext. To display the conditions report re-run your application with 'debug' enabled.
2019/12/15 22:14:57 ERROR [main] - 

***************************
APPLICATION FAILED TO START
***************************

Description:

Failed to configure a DataSource: 'url' attribute is not specified and no embedded datasource could be configured.

Reason: Failed to determine a suitable driver class


Action:

Consider the following:
	If you want an embedded database (H2, HSQL or Derby), please put it on the classpath.
	If you have database settings to be loaded from a particular profile you may need to activate it (no profiles are currently active).

2019/12/15 22:16:02 INFO  [main] - Starting Project1Application on DESKTOP-3B1LDVK with PID 8344 (C:\pleiades\git\project1\target\classes started by user in C:\pleiades\git\project1)
2019/12/15 22:16:02 INFO  [main] - No active profile set, falling back to default profiles: default
2019/12/15 22:16:04 INFO  [main] - Bootstrapping Spring Data repositories in DEFAULT mode.
2019/12/15 22:16:04 INFO  [main] - Finished Spring Data repository scanning in 147ms. Found 3 repository interfaces.
2019/12/15 22:16:04 INFO  [main] - Bean 'org.springframework.transaction.annotation.ProxyTransactionManagementConfiguration' of type [org.springframework.transaction.annotation.ProxyTransactionManagementConfiguration$$EnhancerBySpringCGLIB$$38443778] is not eligible for getting processed by all BeanPostProcessors (for example: not eligible for auto-proxying)
2019/12/15 22:16:04 INFO  [main] - Tomcat initialized with port(s): 8080 (http)
2019/12/15 22:16:04 INFO  [main] - Starting service [Tomcat]
2019/12/15 22:16:04 INFO  [main] - Starting Servlet engine: [Apache Tomcat/9.0.17]
2019/12/15 22:16:05 INFO  [main] - Initializing Spring embedded WebApplicationContext
2019/12/15 22:16:05 INFO  [main] - Root WebApplicationContext: initialization completed in 2457 ms
2019/12/15 22:16:05 WARN  [main] - Exception encountered during context initialization - cancelling refresh attempt: org.springframework.beans.factory.UnsatisfiedDependencyException: Error creating bean with name 'org.springframework.boot.autoconfigure.orm.jpa.HibernateJpaConfiguration': Unsatisfied dependency expressed through constructor parameter 0; nested exception is org.springframework.beans.factory.BeanCreationException: Error creating bean with name 'dataSource' defined in class path resource [org/springframework/boot/autoconfigure/jdbc/DataSourceConfiguration$Hikari.class]: Bean instantiation via factory method failed; nested exception is org.springframework.beans.BeanInstantiationException: Failed to instantiate [com.zaxxer.hikari.HikariDataSource]: Factory method 'dataSource' threw exception; nested exception is org.springframework.boot.autoconfigure.jdbc.DataSourceProperties$DataSourceBeanCreationException: Failed to determine a suitable driver class
2019/12/15 22:16:05 INFO  [main] - Stopping service [Tomcat]
2019/12/15 22:16:05 INFO  [main] - 

Error starting ApplicationContext. To display the conditions report re-run your application with 'debug' enabled.
2019/12/15 22:16:05 ERROR [main] - 

***************************
APPLICATION FAILED TO START
***************************

Description:

Failed to configure a DataSource: 'url' attribute is not specified and no embedded datasource could be configured.

Reason: Failed to determine a suitable driver class


Action:

Consider the following:
	If you want an embedded database (H2, HSQL or Derby), please put it on the classpath.
	If you have database settings to be loaded from a particular profile you may need to activate it (no profiles are currently active).

2019/12/15 22:21:52 INFO  [main] - Starting Project1Application on DESKTOP-3B1LDVK with PID 12228 (C:\pleiades\git\project1\target\classes started by user in C:\pleiades\git\project1)
2019/12/15 22:21:52 INFO  [main] - No active profile set, falling back to default profiles: default
2019/12/15 22:21:53 INFO  [main] - Bootstrapping Spring Data repositories in DEFAULT mode.
2019/12/15 22:21:54 INFO  [main] - Finished Spring Data repository scanning in 147ms. Found 3 repository interfaces.
2019/12/15 22:21:54 INFO  [main] - Bean 'org.springframework.transaction.annotation.ProxyTransactionManagementConfiguration' of type [org.springframework.transaction.annotation.ProxyTransactionManagementConfiguration$$EnhancerBySpringCGLIB$$7d63e0f7] is not eligible for getting processed by all BeanPostProcessors (for example: not eligible for auto-proxying)
2019/12/15 22:21:54 INFO  [main] - Tomcat initialized with port(s): 8080 (http)
2019/12/15 22:21:54 INFO  [main] - Starting service [Tomcat]
2019/12/15 22:21:54 INFO  [main] - Starting Servlet engine: [Apache Tomcat/9.0.17]
2019/12/15 22:21:55 INFO  [main] - Initializing Spring embedded WebApplicationContext
2019/12/15 22:21:55 INFO  [main] - Root WebApplicationContext: initialization completed in 2772 ms
2019/12/15 22:21:55 WARN  [main] - Exception encountered during context initialization - cancelling refresh attempt: org.springframework.beans.factory.UnsatisfiedDependencyException: Error creating bean with name 'org.springframework.boot.autoconfigure.orm.jpa.HibernateJpaConfiguration': Unsatisfied dependency expressed through constructor parameter 0; nested exception is org.springframework.beans.factory.BeanCreationException: Error creating bean with name 'dataSource' defined in class path resource [org/springframework/boot/autoconfigure/jdbc/DataSourceConfiguration$Hikari.class]: Bean instantiation via factory method failed; nested exception is org.springframework.beans.BeanInstantiationException: Failed to instantiate [com.zaxxer.hikari.HikariDataSource]: Factory method 'dataSource' threw exception; nested exception is org.springframework.boot.autoconfigure.jdbc.DataSourceProperties$DataSourceBeanCreationException: Failed to determine a suitable driver class
2019/12/15 22:21:55 INFO  [main] - Stopping service [Tomcat]
2019/12/15 22:21:55 INFO  [main] - 

Error starting ApplicationContext. To display the conditions report re-run your application with 'debug' enabled.
2019/12/15 22:21:55 ERROR [main] - 

***************************
APPLICATION FAILED TO START
***************************

Description:

Failed to configure a DataSource: 'url' attribute is not specified and no embedded datasource could be configured.

Reason: Failed to determine a suitable driver class


Action:

Consider the following:
	If you want an embedded database (H2, HSQL or Derby), please put it on the classpath.
	If you have database settings to be loaded from a particular profile you may need to activate it (no profiles are currently active).

2019/12/15 22:23:51 INFO  [main] - Starting Project1Application on DESKTOP-3B1LDVK with PID 11036 (C:\pleiades\git\project1\target\classes started by user in C:\pleiades\git\project1)
2019/12/15 22:23:51 INFO  [main] - No active profile set, falling back to default profiles: default
2019/12/15 22:23:52 INFO  [main] - Bootstrapping Spring Data repositories in DEFAULT mode.
2019/12/15 22:23:52 INFO  [main] - Finished Spring Data repository scanning in 157ms. Found 3 repository interfaces.
2019/12/15 22:23:52 INFO  [main] - Bean 'org.springframework.transaction.annotation.ProxyTransactionManagementConfiguration' of type [org.springframework.transaction.annotation.ProxyTransactionManagementConfiguration$$EnhancerBySpringCGLIB$$bcdbc26e] is not eligible for getting processed by all BeanPostProcessors (for example: not eligible for auto-proxying)
2019/12/15 22:23:53 INFO  [main] - Tomcat initialized with port(s): 8080 (http)
2019/12/15 22:23:53 INFO  [main] - Starting service [Tomcat]
2019/12/15 22:23:53 INFO  [main] - Starting Servlet engine: [Apache Tomcat/9.0.17]
2019/12/15 22:23:53 INFO  [main] - Initializing Spring embedded WebApplicationContext
2019/12/15 22:23:53 INFO  [main] - Root WebApplicationContext: initialization completed in 2303 ms
2019/12/15 22:23:53 WARN  [main] - Exception encountered during context initialization - cancelling refresh attempt: org.springframework.beans.factory.UnsatisfiedDependencyException: Error creating bean with name 'org.springframework.boot.autoconfigure.orm.jpa.HibernateJpaConfiguration': Unsatisfied dependency expressed through constructor parameter 0; nested exception is org.springframework.beans.factory.BeanCreationException: Error creating bean with name 'dataSource' defined in class path resource [org/springframework/boot/autoconfigure/jdbc/DataSourceConfiguration$Hikari.class]: Bean instantiation via factory method failed; nested exception is org.springframework.beans.BeanInstantiationException: Failed to instantiate [com.zaxxer.hikari.HikariDataSource]: Factory method 'dataSource' threw exception; nested exception is org.springframework.boot.autoconfigure.jdbc.DataSourceProperties$DataSourceBeanCreationException: Failed to determine a suitable driver class
2019/12/15 22:23:53 INFO  [main] - Stopping service [Tomcat]
2019/12/15 22:23:53 INFO  [main] - 

Error starting ApplicationContext. To display the conditions report re-run your application with 'debug' enabled.
2019/12/15 22:23:53 ERROR [main] - 

***************************
APPLICATION FAILED TO START
***************************

Description:

Failed to configure a DataSource: 'url' attribute is not specified and no embedded datasource could be configured.

Reason: Failed to determine a suitable driver class


Action:

Consider the following:
	If you want an embedded database (H2, HSQL or Derby), please put it on the classpath.
	If you have database settings to be loaded from a particular profile you may need to activate it (no profiles are currently active).

2019/12/15 22:31:54 INFO  [main] - Starting Project1Application on DESKTOP-3B1LDVK with PID 14260 (C:\pleiades\git\project1\target\classes started by user in C:\pleiades\git\project1)
2019/12/15 22:31:54 INFO  [main] - No active profile set, falling back to default profiles: default
2019/12/15 22:31:55 INFO  [main] - Bootstrapping Spring Data repositories in DEFAULT mode.
2019/12/15 22:31:55 INFO  [main] - Finished Spring Data repository scanning in 229ms. Found 3 repository interfaces.
2019/12/15 22:31:56 INFO  [main] - Bean 'org.springframework.transaction.annotation.ProxyTransactionManagementConfiguration' of type [org.springframework.transaction.annotation.ProxyTransactionManagementConfiguration$$EnhancerBySpringCGLIB$$babfe61d] is not eligible for getting processed by all BeanPostProcessors (for example: not eligible for auto-proxying)
2019/12/15 22:31:56 INFO  [main] - Tomcat initialized with port(s): 8080 (http)
2019/12/15 22:31:56 INFO  [main] - Starting service [Tomcat]
2019/12/15 22:31:56 INFO  [main] - Starting Servlet engine: [Apache Tomcat/9.0.17]
2019/12/15 22:31:56 INFO  [main] - Initializing Spring embedded WebApplicationContext
2019/12/15 22:31:56 INFO  [main] - Root WebApplicationContext: initialization completed in 2432 ms
2019/12/15 22:31:56 WARN  [main] - Exception encountered during context initialization - cancelling refresh attempt: org.springframework.beans.factory.UnsatisfiedDependencyException: Error creating bean with name 'org.springframework.boot.autoconfigure.orm.jpa.HibernateJpaConfiguration': Unsatisfied dependency expressed through constructor parameter 0; nested exception is org.springframework.beans.factory.BeanCreationException: Error creating bean with name 'dataSource' defined in class path resource [org/springframework/boot/autoconfigure/jdbc/DataSourceConfiguration$Hikari.class]: Bean instantiation via factory method failed; nested exception is org.springframework.beans.BeanInstantiationException: Failed to instantiate [com.zaxxer.hikari.HikariDataSource]: Factory method 'dataSource' threw exception; nested exception is org.springframework.boot.autoconfigure.jdbc.DataSourceProperties$DataSourceBeanCreationException: Failed to determine a suitable driver class
2019/12/15 22:31:56 INFO  [main] - Stopping service [Tomcat]
2019/12/15 22:31:56 INFO  [main] - 

Error starting ApplicationContext. To display the conditions report re-run your application with 'debug' enabled.
2019/12/15 22:31:56 ERROR [main] - 

***************************
APPLICATION FAILED TO START
***************************

Description:

Failed to configure a DataSource: 'url' attribute is not specified and no embedded datasource could be configured.

Reason: Failed to determine a suitable driver class


Action:

Consider the following:
	If you want an embedded database (H2, HSQL or Derby), please put it on the classpath.
	If you have database settings to be loaded from a particular profile you may need to activate it (no profiles are currently active).

2019/12/15 22:34:04 INFO  [main] - Starting Project1Application on DESKTOP-3B1LDVK with PID 13980 (C:\pleiades\git\project1\target\classes started by user in C:\pleiades\git\project1)
2019/12/15 22:34:04 INFO  [main] - No active profile set, falling back to default profiles: default
2019/12/15 22:34:05 INFO  [main] - Bootstrapping Spring Data repositories in DEFAULT mode.
2019/12/15 22:34:05 INFO  [main] - Finished Spring Data repository scanning in 130ms. Found 3 repository interfaces.
2019/12/15 22:34:06 INFO  [main] - Bean 'org.springframework.transaction.annotation.ProxyTransactionManagementConfiguration' of type [org.springframework.transaction.annotation.ProxyTransactionManagementConfiguration$$EnhancerBySpringCGLIB$$d11d9c4] is not eligible for getting processed by all BeanPostProcessors (for example: not eligible for auto-proxying)
2019/12/15 22:34:06 INFO  [main] - Tomcat initialized with port(s): 8080 (http)
2019/12/15 22:34:06 INFO  [main] - Starting service [Tomcat]
2019/12/15 22:34:06 INFO  [main] - Starting Servlet engine: [Apache Tomcat/9.0.17]
2019/12/15 22:34:06 INFO  [main] - Initializing Spring embedded WebApplicationContext
2019/12/15 22:34:06 INFO  [main] - Root WebApplicationContext: initialization completed in 2166 ms
2019/12/15 22:34:06 INFO  [main] - HikariPool-1 - Starting...
2019/12/15 22:34:07 INFO  [main] - HikariPool-1 - Start completed.
2019/12/15 22:34:07 INFO  [main] - HHH000204: Processing PersistenceUnitInfo [name: default]
2019/12/15 22:34:07 INFO  [main] - HHH000412: Hibernate Core {5.4.2.Final}
2019/12/15 22:34:07 INFO  [main] - HCANN000001: Hibernate Commons Annotations {5.1.0.Final}
2019/12/15 22:34:07 INFO  [main] - HHH000400: Using dialect: org.hibernate.dialect.MySQL5Dialect
2019/12/15 22:34:08 INFO  [main] - HHH000490: Using JtaPlatform implementation: [org.hibernate.engine.transaction.jta.platform.internal.NoJtaPlatform]
2019/12/15 22:34:08 INFO  [main] - Initialized JPA EntityManagerFactory for persistence unit 'default'
2019/12/15 22:34:08 WARN  [main] - spring.jpa.open-in-view is enabled by default. Therefore, database queries may be performed during view rendering. Explicitly configure spring.jpa.open-in-view to disable this warning
2019/12/15 22:34:09 INFO  [main] - Creating filter chain: any request, [org.springframework.security.web.context.request.async.WebAsyncManagerIntegrationFilter@b94703b, org.springframework.security.web.context.SecurityContextPersistenceFilter@5c25d0d1, org.springframework.security.web.header.HeaderWriterFilter@456aa471, org.springframework.security.web.csrf.CsrfFilter@3be80ece, org.springframework.security.web.authentication.logout.LogoutFilter@3303e89e, org.springframework.security.web.authentication.UsernamePasswordAuthenticationFilter@67b5e613, org.springframework.security.web.savedrequest.RequestCacheAwareFilter@7845b21a, org.springframework.security.web.servletapi.SecurityContextHolderAwareRequestFilter@18715bb, org.springframework.security.web.authentication.AnonymousAuthenticationFilter@33a47707, org.springframework.security.web.session.SessionManagementFilter@27afbf14, org.springframework.security.web.access.ExceptionTranslationFilter@1930a804, org.springframework.security.web.access.intercept.FilterSecurityInterceptor@38c10190]
2019/12/15 22:34:09 INFO  [main] - Initializing ExecutorService 'applicationTaskExecutor'
2019/12/15 22:34:09 INFO  [main] - Adding welcome page template: index
2019/12/15 22:34:09 INFO  [main] - Tomcat started on port(s): 8080 (http) with context path '/project1'
2019/12/15 22:34:09 INFO  [main] - Started Project1Application in 6.018 seconds (JVM running for 7.261)
2019/12/15 22:34:13 INFO  [RMI TCP Connection(2)-127.0.0.1] - Application shutdown requested.
2019/12/15 22:34:13 INFO  [RMI TCP Connection(2)-127.0.0.1] - Shutting down ExecutorService 'applicationTaskExecutor'
2019/12/15 22:34:13 INFO  [RMI TCP Connection(2)-127.0.0.1] - Closing JPA EntityManagerFactory for persistence unit 'default'
2019/12/15 22:34:13 INFO  [RMI TCP Connection(2)-127.0.0.1] - HikariPool-1 - Shutdown initiated...
2019/12/15 22:34:13 INFO  [RMI TCP Connection(2)-127.0.0.1] - HikariPool-1 - Shutdown completed.
