2019-12-15 19:40:16.106  INFO 12000 --- [main] c.koikeya.project1.Project1Application   : Starting Project1Application on DESKTOP-3B1LDVK with PID 12000 (C:\pleiades\git\project1\target\classes started by user in C:\pleiades\git\project1)
2019-12-15 19:40:16.140  INFO 12000 --- [main] c.koikeya.project1.Project1Application   : No active profile set, falling back to default profiles: default
2019-12-15 19:40:17.625  INFO 12000 --- [main] .s.d.r.c.RepositoryConfigurationDelegate : Bootstrapping Spring Data repositories in DEFAULT mode.
2019-12-15 19:40:17.777  INFO 12000 --- [main] .s.d.r.c.RepositoryConfigurationDelegate : Finished Spring Data repository scanning in 141ms. Found 3 repository interfaces.
2019-12-15 19:40:18.172  INFO 12000 --- [main] trationDelegate$BeanPostProcessorChecker : Bean 'org.springframework.transaction.annotation.ProxyTransactionManagementConfiguration' of type [org.springframework.transaction.annotation.ProxyTransactionManagementConfiguration$$EnhancerBySpringCGLIB$$2330cc7f] is not eligible for getting processed by all BeanPostProcessors (for example: not eligible for auto-proxying)
2019-12-15 19:40:18.486  INFO 12000 --- [main] o.s.b.w.embedded.tomcat.TomcatWebServer  : Tomcat initialized with port(s): 8080 (http)
2019-12-15 19:40:18.513  INFO 12000 --- [main] o.apache.catalina.core.StandardService   : Starting service [Tomcat]
2019-12-15 19:40:18.514  INFO 12000 --- [main] org.apache.catalina.core.StandardEngine  : Starting Servlet engine: [Apache Tomcat/9.0.17]
2019-12-15 19:40:18.851  INFO 12000 --- [main] o.a.c.c.C.[.[localhost].[/project1]      : Initializing Spring embedded WebApplicationContext
2019-12-15 19:40:18.851  INFO 12000 --- [main] o.s.web.context.ContextLoader            : Root WebApplicationContext: initialization completed in 2598 ms
2019-12-15 19:40:19.018  INFO 12000 --- [main] com.zaxxer.hikari.HikariDataSource       : HikariPool-1 - Starting...
2019-12-15 19:40:19.766  INFO 12000 --- [main] com.zaxxer.hikari.HikariDataSource       : HikariPool-1 - Start completed.
2019-12-15 19:40:19.841  INFO 12000 --- [main] o.hibernate.jpa.internal.util.LogHelper  : HHH000204: Processing PersistenceUnitInfo [name: default]
2019-12-15 19:40:19.925  INFO 12000 --- [main] org.hibernate.Version                    : HHH000412: Hibernate Core {5.4.2.Final}
2019-12-15 19:40:20.099  INFO 12000 --- [main] o.hibernate.annotations.common.Version   : HCANN000001: Hibernate Commons Annotations {5.1.0.Final}
2019-12-15 19:40:20.197  INFO 12000 --- [main] org.hibernate.dialect.Dialect            : HHH000400: Using dialect: org.hibernate.dialect.MySQL5Dialect
2019-12-15 19:40:20.720  INFO 12000 --- [main] org.hibernate.tuple.PojoInstantiator     : HHH000182: No default (no-argument) constructor for class: com.koikeya.project1.domain.model.TempUser (class must be instantiated by Interceptor)
2019-12-15 19:40:20.856  INFO 12000 --- [main] o.h.e.t.j.p.i.JtaPlatformInitiator       : HHH000490: Using JtaPlatform implementation: [org.hibernate.engine.transaction.jta.platform.internal.NoJtaPlatform]
2019-12-15 19:40:20.858  INFO 12000 --- [main] j.LocalContainerEntityManagerFactoryBean : Initialized JPA EntityManagerFactory for persistence unit 'default'
2019-12-15 19:40:20.924  WARN 12000 --- [main] JpaBaseConfiguration$JpaWebConfiguration : spring.jpa.open-in-view is enabled by default. Therefore, database queries may be performed during view rendering. Explicitly configure spring.jpa.open-in-view to disable this warning
2019-12-15 19:40:21.313  WARN 12000 --- [main] ConfigServletWebServerApplicationContext : Exception encountered during context initialization - cancelling refresh attempt: org.springframework.beans.factory.UnsatisfiedDependencyException: Error creating bean with name 'tempUser' defined in file [C:\pleiades\git\project1\target\classes\com\koikeya\project1\domain\model\TempUser.class]: Unsatisfied dependency expressed through constructor parameter 0; nested exception is org.springframework.beans.factory.NoSuchBeanDefinitionException: No qualifying bean of type 'java.lang.String' available: expected at least 1 bean which qualifies as autowire candidate. Dependency annotations: {}
2019-12-15 19:40:21.314  INFO 12000 --- [main] j.LocalContainerEntityManagerFactoryBean : Closing JPA EntityManagerFactory for persistence unit 'default'
2019-12-15 19:40:21.316  INFO 12000 --- [main] com.zaxxer.hikari.HikariDataSource       : HikariPool-1 - Shutdown initiated...
2019-12-15 19:40:21.333  INFO 12000 --- [main] com.zaxxer.hikari.HikariDataSource       : HikariPool-1 - Shutdown completed.
2019-12-15 19:40:21.335  INFO 12000 --- [main] o.apache.catalina.core.StandardService   : Stopping service [Tomcat]
2019-12-15 19:40:21.379  INFO 12000 --- [main] ConditionEvaluationReportLoggingListener : 

Error starting ApplicationContext. To display the conditions report re-run your application with 'debug' enabled.
2019-12-15 19:40:21.507 ERROR 12000 --- [main] o.s.b.d.LoggingFailureAnalysisReporter   : 

***************************
APPLICATION FAILED TO START
***************************

Description:

Parameter 0 of constructor in com.koikeya.project1.domain.model.TempUser required a bean of type 'java.lang.String' that could not be found.


Action:

Consider defining a bean of type 'java.lang.String' in your configuration.

2019-12-15 20:07:24.818  INFO 10208 --- [main] c.koikeya.project1.Project1Application   : Starting Project1Application on DESKTOP-3B1LDVK with PID 10208 (C:\pleiades\git\project1\target\classes started by user in C:\pleiades\git\project1)
2019-12-15 20:07:24.823  INFO 10208 --- [main] c.koikeya.project1.Project1Application   : No active profile set, falling back to default profiles: default
2019-12-15 20:07:27.463  INFO 10208 --- [main] .s.d.r.c.RepositoryConfigurationDelegate : Bootstrapping Spring Data repositories in DEFAULT mode.
2019-12-15 20:07:27.665  INFO 10208 --- [main] .s.d.r.c.RepositoryConfigurationDelegate : Finished Spring Data repository scanning in 180ms. Found 3 repository interfaces.
2019-12-15 20:07:28.112  INFO 10208 --- [main] trationDelegate$BeanPostProcessorChecker : Bean 'org.springframework.transaction.annotation.ProxyTransactionManagementConfiguration' of type [org.springframework.transaction.annotation.ProxyTransactionManagementConfiguration$$EnhancerBySpringCGLIB$$eaaa77df] is not eligible for getting processed by all BeanPostProcessors (for example: not eligible for auto-proxying)
2019-12-15 20:07:28.542  INFO 10208 --- [main] o.s.b.w.embedded.tomcat.TomcatWebServer  : Tomcat initialized with port(s): 8080 (http)
2019-12-15 20:07:28.584  INFO 10208 --- [main] o.apache.catalina.core.StandardService   : Starting service [Tomcat]
2019-12-15 20:07:28.585  INFO 10208 --- [main] org.apache.catalina.core.StandardEngine  : Starting Servlet engine: [Apache Tomcat/9.0.17]
2019-12-15 20:07:30.626  INFO 10208 --- [main] o.a.c.c.C.[.[localhost].[/project1]      : Initializing Spring embedded WebApplicationContext
2019-12-15 20:07:30.626  INFO 10208 --- [main] o.s.web.context.ContextLoader            : Root WebApplicationContext: initialization completed in 5680 ms
2019-12-15 20:07:30.835  INFO 10208 --- [main] com.zaxxer.hikari.HikariDataSource       : HikariPool-1 - Starting...
2019-12-15 20:07:31.573  INFO 10208 --- [main] com.zaxxer.hikari.HikariDataSource       : HikariPool-1 - Start completed.
2019-12-15 20:07:31.624  INFO 10208 --- [main] o.hibernate.jpa.internal.util.LogHelper  : HHH000204: Processing PersistenceUnitInfo [name: default]
2019-12-15 20:07:31.715  INFO 10208 --- [main] org.hibernate.Version                    : HHH000412: Hibernate Core {5.4.2.Final}
2019-12-15 20:07:31.884  INFO 10208 --- [main] o.hibernate.annotations.common.Version   : HCANN000001: Hibernate Commons Annotations {5.1.0.Final}
2019-12-15 20:07:31.984  INFO 10208 --- [main] org.hibernate.dialect.Dialect            : HHH000400: Using dialect: org.hibernate.dialect.MySQL5Dialect
2019-12-15 20:07:32.518  INFO 10208 --- [main] org.hibernate.tuple.PojoInstantiator     : HHH000182: No default (no-argument) constructor for class: com.koikeya.project1.domain.model.TempUser (class must be instantiated by Interceptor)
2019-12-15 20:07:32.647  INFO 10208 --- [main] o.h.e.t.j.p.i.JtaPlatformInitiator       : HHH000490: Using JtaPlatform implementation: [org.hibernate.engine.transaction.jta.platform.internal.NoJtaPlatform]
2019-12-15 20:07:32.650  INFO 10208 --- [main] j.LocalContainerEntityManagerFactoryBean : Initialized JPA EntityManagerFactory for persistence unit 'default'
2019-12-15 20:07:32.700  WARN 10208 --- [main] JpaBaseConfiguration$JpaWebConfiguration : spring.jpa.open-in-view is enabled by default. Therefore, database queries may be performed during view rendering. Explicitly configure spring.jpa.open-in-view to disable this warning
2019-12-15 20:07:33.123  WARN 10208 --- [main] ConfigServletWebServerApplicationContext : Exception encountered during context initialization - cancelling refresh attempt: org.springframework.beans.factory.UnsatisfiedDependencyException: Error creating bean with name 'tempUser' defined in file [C:\pleiades\git\project1\target\classes\com\koikeya\project1\domain\model\TempUser.class]: Unsatisfied dependency expressed through constructor parameter 0; nested exception is org.springframework.beans.factory.NoSuchBeanDefinitionException: No qualifying bean of type 'java.lang.String' available: expected at least 1 bean which qualifies as autowire candidate. Dependency annotations: {}
2019-12-15 20:07:33.125  INFO 10208 --- [main] j.LocalContainerEntityManagerFactoryBean : Closing JPA EntityManagerFactory for persistence unit 'default'
2019-12-15 20:07:33.127  INFO 10208 --- [main] com.zaxxer.hikari.HikariDataSource       : HikariPool-1 - Shutdown initiated...
2019-12-15 20:07:33.141  INFO 10208 --- [main] com.zaxxer.hikari.HikariDataSource       : HikariPool-1 - Shutdown completed.
2019-12-15 20:07:33.143  INFO 10208 --- [main] o.apache.catalina.core.StandardService   : Stopping service [Tomcat]
2019-12-15 20:07:33.155  INFO 10208 --- [main] ConditionEvaluationReportLoggingListener : 

Error starting ApplicationContext. To display the conditions report re-run your application with 'debug' enabled.
2019-12-15 20:07:33.294 ERROR 10208 --- [main] o.s.b.d.LoggingFailureAnalysisReporter   : 

***************************
APPLICATION FAILED TO START
***************************

Description:

Parameter 0 of constructor in com.koikeya.project1.domain.model.TempUser required a bean of type 'java.lang.String' that could not be found.


Action:

Consider defining a bean of type 'java.lang.String' in your configuration.

2019-12-15 20:09:31.998  INFO 7472 --- [main] c.koikeya.project1.Project1Application   : Starting Project1Application on DESKTOP-3B1LDVK with PID 7472 (C:\pleiades\git\project1\target\classes started by user in C:\pleiades\git\project1)
2019-12-15 20:09:32.003  INFO 7472 --- [main] c.koikeya.project1.Project1Application   : No active profile set, falling back to default profiles: default
2019-12-15 20:09:33.179  INFO 7472 --- [main] .s.d.r.c.RepositoryConfigurationDelegate : Bootstrapping Spring Data repositories in DEFAULT mode.
2019-12-15 20:09:33.328  INFO 7472 --- [main] .s.d.r.c.RepositoryConfigurationDelegate : Finished Spring Data repository scanning in 138ms. Found 3 repository interfaces.
2019-12-15 20:09:33.651  INFO 7472 --- [main] trationDelegate$BeanPostProcessorChecker : Bean 'org.springframework.transaction.annotation.ProxyTransactionManagementConfiguration' of type [org.springframework.transaction.annotation.ProxyTransactionManagementConfiguration$$EnhancerBySpringCGLIB$$f6ccc0d9] is not eligible for getting processed by all BeanPostProcessors (for example: not eligible for auto-proxying)
2019-12-15 20:09:33.955  INFO 7472 --- [main] o.s.b.w.embedded.tomcat.TomcatWebServer  : Tomcat initialized with port(s): 8080 (http)
2019-12-15 20:09:33.981  INFO 7472 --- [main] o.apache.catalina.core.StandardService   : Starting service [Tomcat]
2019-12-15 20:09:33.981  INFO 7472 --- [main] org.apache.catalina.core.StandardEngine  : Starting Servlet engine: [Apache Tomcat/9.0.17]
2019-12-15 20:09:34.328  INFO 7472 --- [main] o.a.c.c.C.[.[localhost].[/project1]      : Initializing Spring embedded WebApplicationContext
2019-12-15 20:09:34.329  INFO 7472 --- [main] o.s.web.context.ContextLoader            : Root WebApplicationContext: initialization completed in 2264 ms
2019-12-15 20:09:34.495  INFO 7472 --- [main] com.zaxxer.hikari.HikariDataSource       : HikariPool-1 - Starting...
2019-12-15 20:09:35.254  INFO 7472 --- [main] com.zaxxer.hikari.HikariDataSource       : HikariPool-1 - Start completed.
2019-12-15 20:09:35.312  INFO 7472 --- [main] o.hibernate.jpa.internal.util.LogHelper  : HHH000204: Processing PersistenceUnitInfo [name: default]
2019-12-15 20:09:35.382  INFO 7472 --- [main] org.hibernate.Version                    : HHH000412: Hibernate Core {5.4.2.Final}
2019-12-15 20:09:35.555  INFO 7472 --- [main] o.hibernate.annotations.common.Version   : HCANN000001: Hibernate Commons Annotations {5.1.0.Final}
2019-12-15 20:09:35.655  INFO 7472 --- [main] org.hibernate.dialect.Dialect            : HHH000400: Using dialect: org.hibernate.dialect.MySQL5Dialect
2019-12-15 20:09:36.352  INFO 7472 --- [main] o.h.e.t.j.p.i.JtaPlatformInitiator       : HHH000490: Using JtaPlatform implementation: [org.hibernate.engine.transaction.jta.platform.internal.NoJtaPlatform]
2019-12-15 20:09:36.354  INFO 7472 --- [main] j.LocalContainerEntityManagerFactoryBean : Initialized JPA EntityManagerFactory for persistence unit 'default'
2019-12-15 20:09:36.405  WARN 7472 --- [main] JpaBaseConfiguration$JpaWebConfiguration : spring.jpa.open-in-view is enabled by default. Therefore, database queries may be performed during view rendering. Explicitly configure spring.jpa.open-in-view to disable this warning
2019-12-15 20:09:36.813  WARN 7472 --- [main] ConfigServletWebServerApplicationContext : Exception encountered during context initialization - cancelling refresh attempt: org.springframework.beans.factory.UnsatisfiedDependencyException: Error creating bean with name 'signUpAuthenticationServiceImpl': Unsatisfied dependency expressed through field 'passwordEncoder'; nested exception is org.springframework.beans.factory.NoUniqueBeanDefinitionException: No qualifying bean of type 'org.springframework.security.crypto.password.PasswordEncoder' available: expected single matching bean but found 2: passwordEncoderImpl,passwordEncoder1
2019-12-15 20:09:36.814  INFO 7472 --- [main] j.LocalContainerEntityManagerFactoryBean : Closing JPA EntityManagerFactory for persistence unit 'default'
2019-12-15 20:09:36.816  INFO 7472 --- [main] com.zaxxer.hikari.HikariDataSource       : HikariPool-1 - Shutdown initiated...
2019-12-15 20:09:36.830  INFO 7472 --- [main] com.zaxxer.hikari.HikariDataSource       : HikariPool-1 - Shutdown completed.
2019-12-15 20:09:36.831  INFO 7472 --- [main] o.apache.catalina.core.StandardService   : Stopping service [Tomcat]
2019-12-15 20:09:36.869  INFO 7472 --- [main] ConditionEvaluationReportLoggingListener : 

Error starting ApplicationContext. To display the conditions report re-run your application with 'debug' enabled.
2019-12-15 20:09:36.875 ERROR 7472 --- [main] o.s.b.d.LoggingFailureAnalysisReporter   : 

***************************
APPLICATION FAILED TO START
***************************

Description:

Field passwordEncoder in com.koikeya.project1.domain.service.impl.SignUpAuthenticationServiceImpl required a single bean, but 2 were found:
	- passwordEncoderImpl: defined in file [C:\pleiades\git\project1\target\classes\com\koikeya\project1\app\helper\PasswordEncoderImpl.class]
	- passwordEncoder1: defined by method 'passwordEncoder1' in class path resource [com/koikeya/project1/app/config/SecurityConfig.class]


Action:

Consider marking one of the beans as @Primary, updating the consumer to accept multiple beans, or using @Qualifier to identify the bean that should be consumed

2019-12-15 20:13:46.126  INFO 10640 --- [main] c.koikeya.project1.Project1Application   : Starting Project1Application on DESKTOP-3B1LDVK with PID 10640 (C:\pleiades\git\project1\target\classes started by user in C:\pleiades\git\project1)
2019-12-15 20:13:46.130  INFO 10640 --- [main] c.koikeya.project1.Project1Application   : No active profile set, falling back to default profiles: default
2019-12-15 20:13:47.398  INFO 10640 --- [main] .s.d.r.c.RepositoryConfigurationDelegate : Bootstrapping Spring Data repositories in DEFAULT mode.
2019-12-15 20:13:47.544  INFO 10640 --- [main] .s.d.r.c.RepositoryConfigurationDelegate : Finished Spring Data repository scanning in 133ms. Found 3 repository interfaces.
2019-12-15 20:13:47.867  INFO 10640 --- [main] trationDelegate$BeanPostProcessorChecker : Bean 'org.springframework.transaction.annotation.ProxyTransactionManagementConfiguration' of type [org.springframework.transaction.annotation.ProxyTransactionManagementConfiguration$$EnhancerBySpringCGLIB$$4d72d455] is not eligible for getting processed by all BeanPostProcessors (for example: not eligible for auto-proxying)
2019-12-15 20:13:48.179  INFO 10640 --- [main] o.s.b.w.embedded.tomcat.TomcatWebServer  : Tomcat initialized with port(s): 8080 (http)
2019-12-15 20:13:48.210  INFO 10640 --- [main] o.apache.catalina.core.StandardService   : Starting service [Tomcat]
2019-12-15 20:13:48.210  INFO 10640 --- [main] org.apache.catalina.core.StandardEngine  : Starting Servlet engine: [Apache Tomcat/9.0.17]
2019-12-15 20:13:48.535  INFO 10640 --- [main] o.a.c.c.C.[.[localhost].[/project1]      : Initializing Spring embedded WebApplicationContext
2019-12-15 20:13:48.536  INFO 10640 --- [main] o.s.web.context.ContextLoader            : Root WebApplicationContext: initialization completed in 2344 ms
2019-12-15 20:13:48.714  INFO 10640 --- [main] com.zaxxer.hikari.HikariDataSource       : HikariPool-1 - Starting...
2019-12-15 20:13:49.468  INFO 10640 --- [main] com.zaxxer.hikari.HikariDataSource       : HikariPool-1 - Start completed.
2019-12-15 20:13:49.525  INFO 10640 --- [main] o.hibernate.jpa.internal.util.LogHelper  : HHH000204: Processing PersistenceUnitInfo [name: default]
2019-12-15 20:13:49.592  INFO 10640 --- [main] org.hibernate.Version                    : HHH000412: Hibernate Core {5.4.2.Final}
2019-12-15 20:13:49.765  INFO 10640 --- [main] o.hibernate.annotations.common.Version   : HCANN000001: Hibernate Commons Annotations {5.1.0.Final}
2019-12-15 20:13:49.862  INFO 10640 --- [main] org.hibernate.dialect.Dialect            : HHH000400: Using dialect: org.hibernate.dialect.MySQL5Dialect
2019-12-15 20:13:50.499  INFO 10640 --- [main] o.h.e.t.j.p.i.JtaPlatformInitiator       : HHH000490: Using JtaPlatform implementation: [org.hibernate.engine.transaction.jta.platform.internal.NoJtaPlatform]
2019-12-15 20:13:50.501  INFO 10640 --- [main] j.LocalContainerEntityManagerFactoryBean : Initialized JPA EntityManagerFactory for persistence unit 'default'
2019-12-15 20:13:50.553  WARN 10640 --- [main] JpaBaseConfiguration$JpaWebConfiguration : spring.jpa.open-in-view is enabled by default. Therefore, database queries may be performed during view rendering. Explicitly configure spring.jpa.open-in-view to disable this warning
2019-12-15 20:13:51.201  INFO 10640 --- [main] o.s.s.web.DefaultSecurityFilterChain     : Creating filter chain: any request, [org.springframework.security.web.context.request.async.WebAsyncManagerIntegrationFilter@5f883d90, org.springframework.security.web.context.SecurityContextPersistenceFilter@8ac12e6, org.springframework.security.web.header.HeaderWriterFilter@62b0bf85, org.springframework.security.web.csrf.CsrfFilter@6e068ac9, org.springframework.security.web.authentication.logout.LogoutFilter@3a588b5f, org.springframework.security.web.authentication.UsernamePasswordAuthenticationFilter@30fbc23, org.springframework.security.web.savedrequest.RequestCacheAwareFilter@734fbae3, org.springframework.security.web.servletapi.SecurityContextHolderAwareRequestFilter@719c1faf, org.springframework.security.web.authentication.AnonymousAuthenticationFilter@7e58f697, org.springframework.security.web.session.SessionManagementFilter@6c9bf3b5, org.springframework.security.web.access.ExceptionTranslationFilter@590013c7, org.springframework.security.web.access.intercept.FilterSecurityInterceptor@61d2f267]
2019-12-15 20:13:51.370  INFO 10640 --- [main] o.s.s.concurrent.ThreadPoolTaskExecutor  : Initializing ExecutorService 'applicationTaskExecutor'
2019-12-15 20:13:51.516  INFO 10640 --- [main] o.s.b.a.w.s.WelcomePageHandlerMapping    : Adding welcome page template: index
2019-12-15 20:13:51.633  INFO 10640 --- [main] o.s.b.w.embedded.tomcat.TomcatWebServer  : Tomcat started on port(s): 8080 (http) with context path '/project1'
2019-12-15 20:13:51.636  INFO 10640 --- [main] c.koikeya.project1.Project1Application   : Started Project1Application in 6.064 seconds (JVM running for 7.198)
2019-12-15 20:14:02.257  INFO 10640 --- [RMI TCP Connection(2)-127.0.0.1] inMXBeanRegistrar$SpringApplicationAdmin : Application shutdown requested.
2019-12-15 20:14:02.262  INFO 10640 --- [RMI TCP Connection(2)-127.0.0.1] o.s.s.concurrent.ThreadPoolTaskExecutor  : Shutting down ExecutorService 'applicationTaskExecutor'
2019-12-15 20:14:02.264  INFO 10640 --- [RMI TCP Connection(2)-127.0.0.1] j.LocalContainerEntityManagerFactoryBean : Closing JPA EntityManagerFactory for persistence unit 'default'
2019-12-15 20:14:02.266  INFO 10640 --- [RMI TCP Connection(2)-127.0.0.1] com.zaxxer.hikari.HikariDataSource       : HikariPool-1 - Shutdown initiated...
2019-12-15 20:14:02.282  INFO 10640 --- [RMI TCP Connection(2)-127.0.0.1] com.zaxxer.hikari.HikariDataSource       : HikariPool-1 - Shutdown completed.
2019-12-15 20:14:18.660  INFO 5740 --- [main] c.koikeya.project1.Project1Application   : Starting Project1Application on DESKTOP-3B1LDVK with PID 5740 (C:\pleiades\git\project1\target\classes started by user in C:\pleiades\git\project1)
2019-12-15 20:14:18.664  INFO 5740 --- [main] c.koikeya.project1.Project1Application   : No active profile set, falling back to default profiles: default
2019-12-15 20:14:20.292  INFO 5740 --- [main] .s.d.r.c.RepositoryConfigurationDelegate : Bootstrapping Spring Data repositories in DEFAULT mode.
2019-12-15 20:14:20.648  INFO 5740 --- [main] .s.d.r.c.RepositoryConfigurationDelegate : Finished Spring Data repository scanning in 297ms. Found 3 repository interfaces.
2019-12-15 20:14:20.990  INFO 5740 --- [main] trationDelegate$BeanPostProcessorChecker : Bean 'org.springframework.transaction.annotation.ProxyTransactionManagementConfiguration' of type [org.springframework.transaction.annotation.ProxyTransactionManagementConfiguration$$EnhancerBySpringCGLIB$$c150df37] is not eligible for getting processed by all BeanPostProcessors (for example: not eligible for auto-proxying)
2019-12-15 20:14:21.362  INFO 5740 --- [main] o.s.b.w.embedded.tomcat.TomcatWebServer  : Tomcat initialized with port(s): 8080 (http)
2019-12-15 20:14:21.387  INFO 5740 --- [main] o.apache.catalina.core.StandardService   : Starting service [Tomcat]
2019-12-15 20:14:21.387  INFO 5740 --- [main] org.apache.catalina.core.StandardEngine  : Starting Servlet engine: [Apache Tomcat/9.0.17]
2019-12-15 20:14:21.700  INFO 5740 --- [main] o.a.c.c.C.[.[localhost].[/project1]      : Initializing Spring embedded WebApplicationContext
2019-12-15 20:14:21.701  INFO 5740 --- [main] o.s.web.context.ContextLoader            : Root WebApplicationContext: initialization completed in 2961 ms
2019-12-15 20:14:21.882  INFO 5740 --- [main] com.zaxxer.hikari.HikariDataSource       : HikariPool-1 - Starting...
2019-12-15 20:14:22.598  INFO 5740 --- [main] com.zaxxer.hikari.HikariDataSource       : HikariPool-1 - Start completed.
2019-12-15 20:14:22.653  INFO 5740 --- [main] o.hibernate.jpa.internal.util.LogHelper  : HHH000204: Processing PersistenceUnitInfo [name: default]
2019-12-15 20:14:22.749  INFO 5740 --- [main] org.hibernate.Version                    : HHH000412: Hibernate Core {5.4.2.Final}
2019-12-15 20:14:22.926  INFO 5740 --- [main] o.hibernate.annotations.common.Version   : HCANN000001: Hibernate Commons Annotations {5.1.0.Final}
2019-12-15 20:14:23.042  INFO 5740 --- [main] org.hibernate.dialect.Dialect            : HHH000400: Using dialect: org.hibernate.dialect.MySQL5Dialect
2019-12-15 20:14:23.584  INFO 5740 --- [main] org.hibernate.tuple.PojoInstantiator     : HHH000182: No default (no-argument) constructor for class: com.koikeya.project1.domain.model.TempUser (class must be instantiated by Interceptor)
2019-12-15 20:14:23.727  INFO 5740 --- [main] o.h.e.t.j.p.i.JtaPlatformInitiator       : HHH000490: Using JtaPlatform implementation: [org.hibernate.engine.transaction.jta.platform.internal.NoJtaPlatform]
2019-12-15 20:14:23.729  INFO 5740 --- [main] j.LocalContainerEntityManagerFactoryBean : Initialized JPA EntityManagerFactory for persistence unit 'default'
2019-12-15 20:14:23.791  WARN 5740 --- [main] JpaBaseConfiguration$JpaWebConfiguration : spring.jpa.open-in-view is enabled by default. Therefore, database queries may be performed during view rendering. Explicitly configure spring.jpa.open-in-view to disable this warning
2019-12-15 20:14:24.182  WARN 5740 --- [main] ConfigServletWebServerApplicationContext : Exception encountered during context initialization - cancelling refresh attempt: org.springframework.beans.factory.UnsatisfiedDependencyException: Error creating bean with name 'tempUser' defined in file [C:\pleiades\git\project1\target\classes\com\koikeya\project1\domain\model\TempUser.class]: Unsatisfied dependency expressed through constructor parameter 0; nested exception is org.springframework.beans.factory.NoSuchBeanDefinitionException: No qualifying bean of type 'java.lang.String' available: expected at least 1 bean which qualifies as autowire candidate. Dependency annotations: {}
2019-12-15 20:14:24.183  INFO 5740 --- [main] j.LocalContainerEntityManagerFactoryBean : Closing JPA EntityManagerFactory for persistence unit 'default'
2019-12-15 20:14:24.185  INFO 5740 --- [main] com.zaxxer.hikari.HikariDataSource       : HikariPool-1 - Shutdown initiated...
2019-12-15 20:14:24.201  INFO 5740 --- [main] com.zaxxer.hikari.HikariDataSource       : HikariPool-1 - Shutdown completed.
2019-12-15 20:14:24.203  INFO 5740 --- [main] o.apache.catalina.core.StandardService   : Stopping service [Tomcat]
2019-12-15 20:14:24.240  INFO 5740 --- [main] ConditionEvaluationReportLoggingListener : 

Error starting ApplicationContext. To display the conditions report re-run your application with 'debug' enabled.
2019-12-15 20:14:24.359 ERROR 5740 --- [main] o.s.b.d.LoggingFailureAnalysisReporter   : 

***************************
APPLICATION FAILED TO START
***************************

Description:

Parameter 0 of constructor in com.koikeya.project1.domain.model.TempUser required a bean of type 'java.lang.String' that could not be found.


Action:

Consider defining a bean of type 'java.lang.String' in your configuration.

2019-12-15 20:20:08.186  INFO 8732 --- [main] c.koikeya.project1.Project1Application   : Starting Project1Application on DESKTOP-3B1LDVK with PID 8732 (C:\pleiades\git\project1\target\classes started by user in C:\pleiades\git\project1)
2019-12-15 20:20:08.191  INFO 8732 --- [main] c.koikeya.project1.Project1Application   : No active profile set, falling back to default profiles: default
2019-12-15 20:20:09.725  INFO 8732 --- [main] .s.d.r.c.RepositoryConfigurationDelegate : Bootstrapping Spring Data repositories in DEFAULT mode.
2019-12-15 20:20:09.870  INFO 8732 --- [main] .s.d.r.c.RepositoryConfigurationDelegate : Finished Spring Data repository scanning in 132ms. Found 3 repository interfaces.
2019-12-15 20:20:10.202  INFO 8732 --- [main] trationDelegate$BeanPostProcessorChecker : Bean 'org.springframework.transaction.annotation.ProxyTransactionManagementConfiguration' of type [org.springframework.transaction.annotation.ProxyTransactionManagementConfiguration$$EnhancerBySpringCGLIB$$c2ef755] is not eligible for getting processed by all BeanPostProcessors (for example: not eligible for auto-proxying)
2019-12-15 20:20:10.505  INFO 8732 --- [main] o.s.b.w.embedded.tomcat.TomcatWebServer  : Tomcat initialized with port(s): 8080 (http)
2019-12-15 20:20:10.529  INFO 8732 --- [main] o.apache.catalina.core.StandardService   : Starting service [Tomcat]
2019-12-15 20:20:10.530  INFO 8732 --- [main] org.apache.catalina.core.StandardEngine  : Starting Servlet engine: [Apache Tomcat/9.0.17]
2019-12-15 20:20:10.828  INFO 8732 --- [main] o.a.c.c.C.[.[localhost].[/project1]      : Initializing Spring embedded WebApplicationContext
2019-12-15 20:20:10.829  INFO 8732 --- [main] o.s.web.context.ContextLoader            : Root WebApplicationContext: initialization completed in 2553 ms
2019-12-15 20:20:11.028  INFO 8732 --- [main] com.zaxxer.hikari.HikariDataSource       : HikariPool-1 - Starting...
2019-12-15 20:20:11.782  INFO 8732 --- [main] com.zaxxer.hikari.HikariDataSource       : HikariPool-1 - Start completed.
2019-12-15 20:20:11.835  INFO 8732 --- [main] o.hibernate.jpa.internal.util.LogHelper  : HHH000204: Processing PersistenceUnitInfo [name: default]
2019-12-15 20:20:11.910  INFO 8732 --- [main] org.hibernate.Version                    : HHH000412: Hibernate Core {5.4.2.Final}
2019-12-15 20:20:12.080  INFO 8732 --- [main] o.hibernate.annotations.common.Version   : HCANN000001: Hibernate Commons Annotations {5.1.0.Final}
2019-12-15 20:20:12.174  INFO 8732 --- [main] org.hibernate.dialect.Dialect            : HHH000400: Using dialect: org.hibernate.dialect.MySQL5Dialect
2019-12-15 20:20:12.677  INFO 8732 --- [main] org.hibernate.tuple.PojoInstantiator     : HHH000182: No default (no-argument) constructor for class: com.koikeya.project1.domain.model.TempUser (class must be instantiated by Interceptor)
2019-12-15 20:20:12.801  INFO 8732 --- [main] o.h.e.t.j.p.i.JtaPlatformInitiator       : HHH000490: Using JtaPlatform implementation: [org.hibernate.engine.transaction.jta.platform.internal.NoJtaPlatform]
2019-12-15 20:20:12.803  INFO 8732 --- [main] j.LocalContainerEntityManagerFactoryBean : Initialized JPA EntityManagerFactory for persistence unit 'default'
2019-12-15 20:20:12.854  WARN 8732 --- [main] JpaBaseConfiguration$JpaWebConfiguration : spring.jpa.open-in-view is enabled by default. Therefore, database queries may be performed during view rendering. Explicitly configure spring.jpa.open-in-view to disable this warning
2019-12-15 20:20:13.252  WARN 8732 --- [main] ConfigServletWebServerApplicationContext : Exception encountered during context initialization - cancelling refresh attempt: org.springframework.beans.factory.UnsatisfiedDependencyException: Error creating bean with name 'tempUser' defined in file [C:\pleiades\git\project1\target\classes\com\koikeya\project1\domain\model\TempUser.class]: Unsatisfied dependency expressed through constructor parameter 0; nested exception is org.springframework.beans.factory.NoSuchBeanDefinitionException: No qualifying bean of type 'java.lang.String' available: expected at least 1 bean which qualifies as autowire candidate. Dependency annotations: {}
2019-12-15 20:20:13.253  INFO 8732 --- [main] j.LocalContainerEntityManagerFactoryBean : Closing JPA EntityManagerFactory for persistence unit 'default'
2019-12-15 20:20:13.255  INFO 8732 --- [main] com.zaxxer.hikari.HikariDataSource       : HikariPool-1 - Shutdown initiated...
2019-12-15 20:20:13.270  INFO 8732 --- [main] com.zaxxer.hikari.HikariDataSource       : HikariPool-1 - Shutdown completed.
2019-12-15 20:20:13.272  INFO 8732 --- [main] o.apache.catalina.core.StandardService   : Stopping service [Tomcat]
2019-12-15 20:20:13.285  INFO 8732 --- [main] ConditionEvaluationReportLoggingListener : 

Error starting ApplicationContext. To display the conditions report re-run your application with 'debug' enabled.
2019-12-15 20:20:13.432 ERROR 8732 --- [main] o.s.b.d.LoggingFailureAnalysisReporter   : 

***************************
APPLICATION FAILED TO START
***************************

Description:

Parameter 0 of constructor in com.koikeya.project1.domain.model.TempUser required a bean of type 'java.lang.String' that could not be found.


Action:

Consider defining a bean of type 'java.lang.String' in your configuration.

2019-12-15 20:20:40.893  INFO 6440 --- [main] c.koikeya.project1.Project1Application   : Starting Project1Application on DESKTOP-3B1LDVK with PID 6440 (C:\pleiades\git\project1\target\classes started by user in C:\pleiades\git\project1)
2019-12-15 20:20:40.897  INFO 6440 --- [main] c.koikeya.project1.Project1Application   : No active profile set, falling back to default profiles: default
2019-12-15 20:20:42.076  INFO 6440 --- [main] .s.d.r.c.RepositoryConfigurationDelegate : Bootstrapping Spring Data repositories in DEFAULT mode.
2019-12-15 20:20:42.230  INFO 6440 --- [main] .s.d.r.c.RepositoryConfigurationDelegate : Finished Spring Data repository scanning in 142ms. Found 3 repository interfaces.
2019-12-15 20:20:42.647  INFO 6440 --- [main] trationDelegate$BeanPostProcessorChecker : Bean 'org.springframework.transaction.annotation.ProxyTransactionManagementConfiguration' of type [org.springframework.transaction.annotation.ProxyTransactionManagementConfiguration$$EnhancerBySpringCGLIB$$7a0197c6] is not eligible for getting processed by all BeanPostProcessors (for example: not eligible for auto-proxying)
2019-12-15 20:20:42.964  INFO 6440 --- [main] o.s.b.w.embedded.tomcat.TomcatWebServer  : Tomcat initialized with port(s): 8080 (http)
2019-12-15 20:20:42.990  INFO 6440 --- [main] o.apache.catalina.core.StandardService   : Starting service [Tomcat]
2019-12-15 20:20:42.991  INFO 6440 --- [main] org.apache.catalina.core.StandardEngine  : Starting Servlet engine: [Apache Tomcat/9.0.17]
2019-12-15 20:20:43.331  INFO 6440 --- [main] o.a.c.c.C.[.[localhost].[/project1]      : Initializing Spring embedded WebApplicationContext
2019-12-15 20:20:43.331  INFO 6440 --- [main] o.s.web.context.ContextLoader            : Root WebApplicationContext: initialization completed in 2372 ms
2019-12-15 20:20:43.510  INFO 6440 --- [main] com.zaxxer.hikari.HikariDataSource       : HikariPool-1 - Starting...
2019-12-15 20:20:44.243  INFO 6440 --- [main] com.zaxxer.hikari.HikariDataSource       : HikariPool-1 - Start completed.
2019-12-15 20:20:44.298  INFO 6440 --- [main] o.hibernate.jpa.internal.util.LogHelper  : HHH000204: Processing PersistenceUnitInfo [name: default]
2019-12-15 20:20:44.365  INFO 6440 --- [main] org.hibernate.Version                    : HHH000412: Hibernate Core {5.4.2.Final}
2019-12-15 20:20:44.543  INFO 6440 --- [main] o.hibernate.annotations.common.Version   : HCANN000001: Hibernate Commons Annotations {5.1.0.Final}
2019-12-15 20:20:44.643  INFO 6440 --- [main] org.hibernate.dialect.Dialect            : HHH000400: Using dialect: org.hibernate.dialect.MySQL5Dialect
2019-12-15 20:20:45.161  INFO 6440 --- [main] org.hibernate.tuple.PojoInstantiator     : HHH000182: No default (no-argument) constructor for class: com.koikeya.project1.domain.model.TempUser (class must be instantiated by Interceptor)
2019-12-15 20:20:45.281  INFO 6440 --- [main] o.h.e.t.j.p.i.JtaPlatformInitiator       : HHH000490: Using JtaPlatform implementation: [org.hibernate.engine.transaction.jta.platform.internal.NoJtaPlatform]
2019-12-15 20:20:45.283  INFO 6440 --- [main] j.LocalContainerEntityManagerFactoryBean : Initialized JPA EntityManagerFactory for persistence unit 'default'
2019-12-15 20:20:45.332  WARN 6440 --- [main] JpaBaseConfiguration$JpaWebConfiguration : spring.jpa.open-in-view is enabled by default. Therefore, database queries may be performed during view rendering. Explicitly configure spring.jpa.open-in-view to disable this warning
2019-12-15 20:20:45.742  WARN 6440 --- [main] ConfigServletWebServerApplicationContext : Exception encountered during context initialization - cancelling refresh attempt: org.springframework.beans.factory.UnsatisfiedDependencyException: Error creating bean with name 'tempUser' defined in file [C:\pleiades\git\project1\target\classes\com\koikeya\project1\domain\model\TempUser.class]: Unsatisfied dependency expressed through constructor parameter 0; nested exception is org.springframework.beans.factory.NoSuchBeanDefinitionException: No qualifying bean of type 'java.lang.String' available: expected at least 1 bean which qualifies as autowire candidate. Dependency annotations: {}
2019-12-15 20:20:45.743  INFO 6440 --- [main] j.LocalContainerEntityManagerFactoryBean : Closing JPA EntityManagerFactory for persistence unit 'default'
2019-12-15 20:20:45.745  INFO 6440 --- [main] com.zaxxer.hikari.HikariDataSource       : HikariPool-1 - Shutdown initiated...
2019-12-15 20:20:45.759  INFO 6440 --- [main] com.zaxxer.hikari.HikariDataSource       : HikariPool-1 - Shutdown completed.
2019-12-15 20:20:45.761  INFO 6440 --- [main] o.apache.catalina.core.StandardService   : Stopping service [Tomcat]
2019-12-15 20:20:45.799  INFO 6440 --- [main] ConditionEvaluationReportLoggingListener : 

Error starting ApplicationContext. To display the conditions report re-run your application with 'debug' enabled.
2019-12-15 20:20:45.926 ERROR 6440 --- [main] o.s.b.d.LoggingFailureAnalysisReporter   : 

***************************
APPLICATION FAILED TO START
***************************

Description:

Parameter 0 of constructor in com.koikeya.project1.domain.model.TempUser required a bean of type 'java.lang.String' that could not be found.


Action:

Consider defining a bean of type 'java.lang.String' in your configuration.

2019-12-15 20:21:17.903  INFO 4952 --- [main] c.koikeya.project1.Project1Application   : Starting Project1Application on DESKTOP-3B1LDVK with PID 4952 (C:\pleiades\git\project1\target\classes started by user in C:\pleiades\git\project1)
2019-12-15 20:21:17.907  INFO 4952 --- [main] c.koikeya.project1.Project1Application   : No active profile set, falling back to default profiles: default
2019-12-15 20:21:19.117  INFO 4952 --- [main] .s.d.r.c.RepositoryConfigurationDelegate : Bootstrapping Spring Data repositories in DEFAULT mode.
2019-12-15 20:21:19.267  INFO 4952 --- [main] .s.d.r.c.RepositoryConfigurationDelegate : Finished Spring Data repository scanning in 138ms. Found 3 repository interfaces.
2019-12-15 20:21:19.606  INFO 4952 --- [main] trationDelegate$BeanPostProcessorChecker : Bean 'org.springframework.transaction.annotation.ProxyTransactionManagementConfiguration' of type [org.springframework.transaction.annotation.ProxyTransactionManagementConfiguration$$EnhancerBySpringCGLIB$$669dac1e] is not eligible for getting processed by all BeanPostProcessors (for example: not eligible for auto-proxying)
2019-12-15 20:21:19.925  INFO 4952 --- [main] o.s.b.w.embedded.tomcat.TomcatWebServer  : Tomcat initialized with port(s): 8080 (http)
2019-12-15 20:21:19.953  INFO 4952 --- [main] o.apache.catalina.core.StandardService   : Starting service [Tomcat]
2019-12-15 20:21:19.953  INFO 4952 --- [main] org.apache.catalina.core.StandardEngine  : Starting Servlet engine: [Apache Tomcat/9.0.17]
2019-12-15 20:21:20.288  INFO 4952 --- [main] o.a.c.c.C.[.[localhost].[/project1]      : Initializing Spring embedded WebApplicationContext
2019-12-15 20:21:20.289  INFO 4952 --- [main] o.s.web.context.ContextLoader            : Root WebApplicationContext: initialization completed in 2323 ms
2019-12-15 20:21:20.470  INFO 4952 --- [main] com.zaxxer.hikari.HikariDataSource       : HikariPool-1 - Starting...
2019-12-15 20:21:21.215  INFO 4952 --- [main] com.zaxxer.hikari.HikariDataSource       : HikariPool-1 - Start completed.
2019-12-15 20:21:21.269  INFO 4952 --- [main] o.hibernate.jpa.internal.util.LogHelper  : HHH000204: Processing PersistenceUnitInfo [name: default]
2019-12-15 20:21:21.341  INFO 4952 --- [main] org.hibernate.Version                    : HHH000412: Hibernate Core {5.4.2.Final}
2019-12-15 20:21:21.513  INFO 4952 --- [main] o.hibernate.annotations.common.Version   : HCANN000001: Hibernate Commons Annotations {5.1.0.Final}
2019-12-15 20:21:21.612  INFO 4952 --- [main] org.hibernate.dialect.Dialect            : HHH000400: Using dialect: org.hibernate.dialect.MySQL5Dialect
2019-12-15 20:21:22.259  INFO 4952 --- [main] o.h.e.t.j.p.i.JtaPlatformInitiator       : HHH000490: Using JtaPlatform implementation: [org.hibernate.engine.transaction.jta.platform.internal.NoJtaPlatform]
2019-12-15 20:21:22.262  INFO 4952 --- [main] j.LocalContainerEntityManagerFactoryBean : Initialized JPA EntityManagerFactory for persistence unit 'default'
2019-12-15 20:21:22.319  WARN 4952 --- [main] JpaBaseConfiguration$JpaWebConfiguration : spring.jpa.open-in-view is enabled by default. Therefore, database queries may be performed during view rendering. Explicitly configure spring.jpa.open-in-view to disable this warning
2019-12-15 20:21:22.960  INFO 4952 --- [main] o.s.s.web.DefaultSecurityFilterChain     : Creating filter chain: any request, [org.springframework.security.web.context.request.async.WebAsyncManagerIntegrationFilter@4c2ab536, org.springframework.security.web.context.SecurityContextPersistenceFilter@11e834ad, org.springframework.security.web.header.HeaderWriterFilter@1187dc82, org.springframework.security.web.csrf.CsrfFilter@1ac0cdb0, org.springframework.security.web.authentication.logout.LogoutFilter@36b53f08, org.springframework.security.web.authentication.UsernamePasswordAuthenticationFilter@79d63a4f, org.springframework.security.web.savedrequest.RequestCacheAwareFilter@25d911a, org.springframework.security.web.servletapi.SecurityContextHolderAwareRequestFilter@38732372, org.springframework.security.web.authentication.AnonymousAuthenticationFilter@22fb9a2c, org.springframework.security.web.session.SessionManagementFilter@18e4551, org.springframework.security.web.access.ExceptionTranslationFilter@ca546a1, org.springframework.security.web.access.intercept.FilterSecurityInterceptor@baa227e]
2019-12-15 20:21:23.138  INFO 4952 --- [main] o.s.s.concurrent.ThreadPoolTaskExecutor  : Initializing ExecutorService 'applicationTaskExecutor'
2019-12-15 20:21:23.292  INFO 4952 --- [main] o.s.b.a.w.s.WelcomePageHandlerMapping    : Adding welcome page template: index
2019-12-15 20:21:23.411  INFO 4952 --- [main] o.s.b.w.embedded.tomcat.TomcatWebServer  : Tomcat started on port(s): 8080 (http) with context path '/project1'
2019-12-15 20:21:23.415  INFO 4952 --- [main] c.koikeya.project1.Project1Application   : Started Project1Application in 6.062 seconds (JVM running for 7.249)
2019-12-15 20:32:24.229  INFO 1048 --- [main] c.koikeya.project1.Project1Application   : Starting Project1Application on DESKTOP-3B1LDVK with PID 1048 (C:\pleiades\git\project1\target\classes started by user in C:\pleiades\git\project1)
2019-12-15 20:32:24.233  INFO 1048 --- [main] c.koikeya.project1.Project1Application   : No active profile set, falling back to default profiles: default
2019-12-15 20:32:25.428  INFO 1048 --- [main] .s.d.r.c.RepositoryConfigurationDelegate : Bootstrapping Spring Data repositories in DEFAULT mode.
2019-12-15 20:32:25.572  INFO 1048 --- [main] .s.d.r.c.RepositoryConfigurationDelegate : Finished Spring Data repository scanning in 132ms. Found 3 repository interfaces.
2019-12-15 20:32:25.887  INFO 1048 --- [main] trationDelegate$BeanPostProcessorChecker : Bean 'org.springframework.transaction.annotation.ProxyTransactionManagementConfiguration' of type [org.springframework.transaction.annotation.ProxyTransactionManagementConfiguration$$EnhancerBySpringCGLIB$$817b7051] is not eligible for getting processed by all BeanPostProcessors (for example: not eligible for auto-proxying)
2019-12-15 20:32:26.192  INFO 1048 --- [main] o.s.b.w.embedded.tomcat.TomcatWebServer  : Tomcat initialized with port(s): 8080 (http)
2019-12-15 20:32:26.216  INFO 1048 --- [main] o.apache.catalina.core.StandardService   : Starting service [Tomcat]
2019-12-15 20:32:26.217  INFO 1048 --- [main] org.apache.catalina.core.StandardEngine  : Starting Servlet engine: [Apache Tomcat/9.0.17]
2019-12-15 20:32:26.536  INFO 1048 --- [main] o.a.c.c.C.[.[localhost].[/project1]      : Initializing Spring embedded WebApplicationContext
2019-12-15 20:32:26.537  INFO 1048 --- [main] o.s.web.context.ContextLoader            : Root WebApplicationContext: initialization completed in 2245 ms
2019-12-15 20:32:26.702  INFO 1048 --- [main] com.zaxxer.hikari.HikariDataSource       : HikariPool-1 - Starting...
2019-12-15 20:32:27.421  INFO 1048 --- [main] com.zaxxer.hikari.HikariDataSource       : HikariPool-1 - Start completed.
2019-12-15 20:32:27.475  INFO 1048 --- [main] o.hibernate.jpa.internal.util.LogHelper  : HHH000204: Processing PersistenceUnitInfo [name: default]
2019-12-15 20:32:27.551  INFO 1048 --- [main] org.hibernate.Version                    : HHH000412: Hibernate Core {5.4.2.Final}
2019-12-15 20:32:27.730  INFO 1048 --- [main] o.hibernate.annotations.common.Version   : HCANN000001: Hibernate Commons Annotations {5.1.0.Final}
2019-12-15 20:32:27.825  INFO 1048 --- [main] org.hibernate.dialect.Dialect            : HHH000400: Using dialect: org.hibernate.dialect.MySQL5Dialect
2019-12-15 20:32:28.336  INFO 1048 --- [main] org.hibernate.tuple.PojoInstantiator     : HHH000182: No default (no-argument) constructor for class: com.koikeya.project1.domain.model.TempUser (class must be instantiated by Interceptor)
2019-12-15 20:32:28.462  INFO 1048 --- [main] o.h.e.t.j.p.i.JtaPlatformInitiator       : HHH000490: Using JtaPlatform implementation: [org.hibernate.engine.transaction.jta.platform.internal.NoJtaPlatform]
2019-12-15 20:32:28.466  INFO 1048 --- [main] j.LocalContainerEntityManagerFactoryBean : Initialized JPA EntityManagerFactory for persistence unit 'default'
2019-12-15 20:32:28.525  WARN 1048 --- [main] JpaBaseConfiguration$JpaWebConfiguration : spring.jpa.open-in-view is enabled by default. Therefore, database queries may be performed during view rendering. Explicitly configure spring.jpa.open-in-view to disable this warning
2019-12-15 20:32:28.916  WARN 1048 --- [main] ConfigServletWebServerApplicationContext : Exception encountered during context initialization - cancelling refresh attempt: org.springframework.beans.factory.UnsatisfiedDependencyException: Error creating bean with name 'tempUser' defined in file [C:\pleiades\git\project1\target\classes\com\koikeya\project1\domain\model\TempUser.class]: Unsatisfied dependency expressed through constructor parameter 0; nested exception is org.springframework.beans.factory.NoSuchBeanDefinitionException: No qualifying bean of type 'java.lang.String' available: expected at least 1 bean which qualifies as autowire candidate. Dependency annotations: {}
2019-12-15 20:32:28.917  INFO 1048 --- [main] j.LocalContainerEntityManagerFactoryBean : Closing JPA EntityManagerFactory for persistence unit 'default'
2019-12-15 20:32:28.919  INFO 1048 --- [main] com.zaxxer.hikari.HikariDataSource       : HikariPool-1 - Shutdown initiated...
2019-12-15 20:32:28.931  INFO 1048 --- [main] com.zaxxer.hikari.HikariDataSource       : HikariPool-1 - Shutdown completed.
2019-12-15 20:32:28.933  INFO 1048 --- [main] o.apache.catalina.core.StandardService   : Stopping service [Tomcat]
2019-12-15 20:32:28.972  INFO 1048 --- [main] ConditionEvaluationReportLoggingListener : 

Error starting ApplicationContext. To display the conditions report re-run your application with 'debug' enabled.
2019-12-15 20:32:29.094 ERROR 1048 --- [main] o.s.b.d.LoggingFailureAnalysisReporter   : 

***************************
APPLICATION FAILED TO START
***************************

Description:

Parameter 0 of constructor in com.koikeya.project1.domain.model.TempUser required a bean of type 'java.lang.String' that could not be found.


Action:

Consider defining a bean of type 'java.lang.String' in your configuration.

2019-12-15 20:34:15.683  INFO 4952 --- [RMI TCP Connection(2)-127.0.0.1] inMXBeanRegistrar$SpringApplicationAdmin : Application shutdown requested.
2019-12-15 20:34:15.698  INFO 4952 --- [RMI TCP Connection(2)-127.0.0.1] o.s.s.concurrent.ThreadPoolTaskExecutor  : Shutting down ExecutorService 'applicationTaskExecutor'
2019-12-15 20:34:15.703  INFO 4952 --- [RMI TCP Connection(2)-127.0.0.1] j.LocalContainerEntityManagerFactoryBean : Closing JPA EntityManagerFactory for persistence unit 'default'
2019-12-15 20:34:15.708  INFO 4952 --- [RMI TCP Connection(2)-127.0.0.1] com.zaxxer.hikari.HikariDataSource       : HikariPool-1 - Shutdown initiated...
2019-12-15 20:34:15.799  INFO 4952 --- [RMI TCP Connection(2)-127.0.0.1] com.zaxxer.hikari.HikariDataSource       : HikariPool-1 - Shutdown completed.
2019-12-15 20:34:27.683  INFO 6868 --- [main] c.koikeya.project1.Project1Application   : Starting Project1Application on DESKTOP-3B1LDVK with PID 6868 (C:\pleiades\git\project1\target\classes started by user in C:\pleiades\git\project1)
2019-12-15 20:34:27.686  INFO 6868 --- [main] c.koikeya.project1.Project1Application   : No active profile set, falling back to default profiles: default
2019-12-15 20:34:29.063  INFO 6868 --- [main] .s.d.r.c.RepositoryConfigurationDelegate : Bootstrapping Spring Data repositories in DEFAULT mode.
2019-12-15 20:34:29.200  INFO 6868 --- [main] .s.d.r.c.RepositoryConfigurationDelegate : Finished Spring Data repository scanning in 127ms. Found 3 repository interfaces.
2019-12-15 20:34:29.524  INFO 6868 --- [main] trationDelegate$BeanPostProcessorChecker : Bean 'org.springframework.transaction.annotation.ProxyTransactionManagementConfiguration' of type [org.springframework.transaction.annotation.ProxyTransactionManagementConfiguration$$EnhancerBySpringCGLIB$$8628216f] is not eligible for getting processed by all BeanPostProcessors (for example: not eligible for auto-proxying)
2019-12-15 20:34:29.825  INFO 6868 --- [main] o.s.b.w.embedded.tomcat.TomcatWebServer  : Tomcat initialized with port(s): 8080 (http)
2019-12-15 20:34:29.851  INFO 6868 --- [main] o.apache.catalina.core.StandardService   : Starting service [Tomcat]
2019-12-15 20:34:29.851  INFO 6868 --- [main] org.apache.catalina.core.StandardEngine  : Starting Servlet engine: [Apache Tomcat/9.0.17]
2019-12-15 20:34:30.182  INFO 6868 --- [main] o.a.c.c.C.[.[localhost].[/project1]      : Initializing Spring embedded WebApplicationContext
2019-12-15 20:34:30.182  INFO 6868 --- [main] o.s.web.context.ContextLoader            : Root WebApplicationContext: initialization completed in 2437 ms
2019-12-15 20:34:30.347  INFO 6868 --- [main] com.zaxxer.hikari.HikariDataSource       : HikariPool-1 - Starting...
2019-12-15 20:34:31.080  INFO 6868 --- [main] com.zaxxer.hikari.HikariDataSource       : HikariPool-1 - Start completed.
2019-12-15 20:34:31.134  INFO 6868 --- [main] o.hibernate.jpa.internal.util.LogHelper  : HHH000204: Processing PersistenceUnitInfo [name: default]
2019-12-15 20:34:31.204  INFO 6868 --- [main] org.hibernate.Version                    : HHH000412: Hibernate Core {5.4.2.Final}
2019-12-15 20:34:31.379  INFO 6868 --- [main] o.hibernate.annotations.common.Version   : HCANN000001: Hibernate Commons Annotations {5.1.0.Final}
2019-12-15 20:34:31.476  INFO 6868 --- [main] org.hibernate.dialect.Dialect            : HHH000400: Using dialect: org.hibernate.dialect.MySQL5Dialect
2019-12-15 20:34:31.993  INFO 6868 --- [main] org.hibernate.tuple.PojoInstantiator     : HHH000182: No default (no-argument) constructor for class: com.koikeya.project1.domain.model.TempUser (class must be instantiated by Interceptor)
2019-12-15 20:34:32.125  INFO 6868 --- [main] o.h.e.t.j.p.i.JtaPlatformInitiator       : HHH000490: Using JtaPlatform implementation: [org.hibernate.engine.transaction.jta.platform.internal.NoJtaPlatform]
2019-12-15 20:34:32.127  INFO 6868 --- [main] j.LocalContainerEntityManagerFactoryBean : Initialized JPA EntityManagerFactory for persistence unit 'default'
2019-12-15 20:34:32.194  WARN 6868 --- [main] JpaBaseConfiguration$JpaWebConfiguration : spring.jpa.open-in-view is enabled by default. Therefore, database queries may be performed during view rendering. Explicitly configure spring.jpa.open-in-view to disable this warning
2019-12-15 20:34:32.561  WARN 6868 --- [main] ConfigServletWebServerApplicationContext : Exception encountered during context initialization - cancelling refresh attempt: org.springframework.beans.factory.UnsatisfiedDependencyException: Error creating bean with name 'tempUser' defined in file [C:\pleiades\git\project1\target\classes\com\koikeya\project1\domain\model\TempUser.class]: Unsatisfied dependency expressed through constructor parameter 0; nested exception is org.springframework.beans.factory.NoSuchBeanDefinitionException: No qualifying bean of type 'java.lang.String' available: expected at least 1 bean which qualifies as autowire candidate. Dependency annotations: {}
2019-12-15 20:34:32.562  INFO 6868 --- [main] j.LocalContainerEntityManagerFactoryBean : Closing JPA EntityManagerFactory for persistence unit 'default'
2019-12-15 20:34:32.564  INFO 6868 --- [main] com.zaxxer.hikari.HikariDataSource       : HikariPool-1 - Shutdown initiated...
2019-12-15 20:34:32.598  INFO 6868 --- [main] com.zaxxer.hikari.HikariDataSource       : HikariPool-1 - Shutdown completed.
2019-12-15 20:34:32.600  INFO 6868 --- [main] o.apache.catalina.core.StandardService   : Stopping service [Tomcat]
2019-12-15 20:34:32.614  INFO 6868 --- [main] ConditionEvaluationReportLoggingListener : 

Error starting ApplicationContext. To display the conditions report re-run your application with 'debug' enabled.
2019-12-15 20:34:32.731 ERROR 6868 --- [main] o.s.b.d.LoggingFailureAnalysisReporter   : 

***************************
APPLICATION FAILED TO START
***************************

Description:

Parameter 0 of constructor in com.koikeya.project1.domain.model.TempUser required a bean of type 'java.lang.String' that could not be found.


Action:

Consider defining a bean of type 'java.lang.String' in your configuration.

2019-12-15 20:42:11.701  INFO 13276 --- [main] c.koikeya.project1.Project1Application   : Starting Project1Application on DESKTOP-3B1LDVK with PID 13276 (C:\pleiades\git\project1\target\classes started by user in C:\pleiades\git\project1)
2019-12-15 20:42:11.704  INFO 13276 --- [main] c.koikeya.project1.Project1Application   : No active profile set, falling back to default profiles: default
2019-12-15 20:42:12.774  INFO 13276 --- [main] .s.d.r.c.RepositoryConfigurationDelegate : Bootstrapping Spring Data repositories in DEFAULT mode.
2019-12-15 20:42:12.922  INFO 13276 --- [main] .s.d.r.c.RepositoryConfigurationDelegate : Finished Spring Data repository scanning in 138ms. Found 3 repository interfaces.
2019-12-15 20:42:13.228  INFO 13276 --- [main] trationDelegate$BeanPostProcessorChecker : Bean 'org.springframework.transaction.annotation.ProxyTransactionManagementConfiguration' of type [org.springframework.transaction.annotation.ProxyTransactionManagementConfiguration$$EnhancerBySpringCGLIB$$d9d301ff] is not eligible for getting processed by all BeanPostProcessors (for example: not eligible for auto-proxying)
2019-12-15 20:42:13.515  INFO 13276 --- [main] o.s.b.w.embedded.tomcat.TomcatWebServer  : Tomcat initialized with port(s): 8080 (http)
2019-12-15 20:42:13.538  INFO 13276 --- [main] o.apache.catalina.core.StandardService   : Starting service [Tomcat]
2019-12-15 20:42:13.538  INFO 13276 --- [main] org.apache.catalina.core.StandardEngine  : Starting Servlet engine: [Apache Tomcat/9.0.17]
2019-12-15 20:42:13.868  INFO 13276 --- [main] o.a.c.c.C.[.[localhost].[/project1]      : Initializing Spring embedded WebApplicationContext
2019-12-15 20:42:13.868  INFO 13276 --- [main] o.s.web.context.ContextLoader            : Root WebApplicationContext: initialization completed in 2107 ms
2019-12-15 20:42:14.033  INFO 13276 --- [main] com.zaxxer.hikari.HikariDataSource       : HikariPool-1 - Starting...
2019-12-15 20:42:14.729  INFO 13276 --- [main] com.zaxxer.hikari.HikariDataSource       : HikariPool-1 - Start completed.
2019-12-15 20:42:14.779  INFO 13276 --- [main] o.hibernate.jpa.internal.util.LogHelper  : HHH000204: Processing PersistenceUnitInfo [name: default]
2019-12-15 20:42:14.841  INFO 13276 --- [main] org.hibernate.Version                    : HHH000412: Hibernate Core {5.4.2.Final}
2019-12-15 20:42:15.010  INFO 13276 --- [main] o.hibernate.annotations.common.Version   : HCANN000001: Hibernate Commons Annotations {5.1.0.Final}
2019-12-15 20:42:15.108  INFO 13276 --- [main] org.hibernate.dialect.Dialect            : HHH000400: Using dialect: org.hibernate.dialect.MySQL5Dialect
2019-12-15 20:42:15.606  INFO 13276 --- [main] org.hibernate.tuple.PojoInstantiator     : HHH000182: No default (no-argument) constructor for class: com.koikeya.project1.domain.model.TempUser (class must be instantiated by Interceptor)
2019-12-15 20:42:15.725  INFO 13276 --- [main] o.h.e.t.j.p.i.JtaPlatformInitiator       : HHH000490: Using JtaPlatform implementation: [org.hibernate.engine.transaction.jta.platform.internal.NoJtaPlatform]
2019-12-15 20:42:15.728  INFO 13276 --- [main] j.LocalContainerEntityManagerFactoryBean : Initialized JPA EntityManagerFactory for persistence unit 'default'
2019-12-15 20:42:15.779  WARN 13276 --- [main] JpaBaseConfiguration$JpaWebConfiguration : spring.jpa.open-in-view is enabled by default. Therefore, database queries may be performed during view rendering. Explicitly configure spring.jpa.open-in-view to disable this warning
2019-12-15 20:42:16.167  WARN 13276 --- [main] ConfigServletWebServerApplicationContext : Exception encountered during context initialization - cancelling refresh attempt: org.springframework.beans.factory.UnsatisfiedDependencyException: Error creating bean with name 'signUpAuthenticationServiceImpl': Unsatisfied dependency expressed through field 'tempUser'; nested exception is org.springframework.beans.factory.NoSuchBeanDefinitionException: No qualifying bean of type 'com.koikeya.project1.domain.model.TempUser' available: expected at least 1 bean which qualifies as autowire candidate. Dependency annotations: {@org.springframework.beans.factory.annotation.Autowired(required=true)}
2019-12-15 20:42:16.168  INFO 13276 --- [main] j.LocalContainerEntityManagerFactoryBean : Closing JPA EntityManagerFactory for persistence unit 'default'
2019-12-15 20:42:16.170  INFO 13276 --- [main] com.zaxxer.hikari.HikariDataSource       : HikariPool-1 - Shutdown initiated...
2019-12-15 20:42:16.176  INFO 13276 --- [main] com.zaxxer.hikari.HikariDataSource       : HikariPool-1 - Shutdown completed.
2019-12-15 20:42:16.177  INFO 13276 --- [main] o.apache.catalina.core.StandardService   : Stopping service [Tomcat]
2019-12-15 20:42:16.191  INFO 13276 --- [main] ConditionEvaluationReportLoggingListener : 

Error starting ApplicationContext. To display the conditions report re-run your application with 'debug' enabled.
2019-12-15 20:42:16.303 ERROR 13276 --- [main] o.s.b.d.LoggingFailureAnalysisReporter   : 

***************************
APPLICATION FAILED TO START
***************************

Description:

Field tempUser in com.koikeya.project1.domain.service.impl.SignUpAuthenticationServiceImpl required a bean of type 'com.koikeya.project1.domain.model.TempUser' that could not be found.

The injection point has the following annotations:
	- @org.springframework.beans.factory.annotation.Autowired(required=true)


Action:

Consider defining a bean of type 'com.koikeya.project1.domain.model.TempUser' in your configuration.

2019-12-15 21:16:00.481  INFO 10508 --- [main] c.koikeya.project1.Project1Application   : Starting Project1Application on DESKTOP-3B1LDVK with PID 10508 (C:\pleiades\git\project1\target\classes started by user in C:\pleiades\git\project1)
2019-12-15 21:16:00.485  INFO 10508 --- [main] c.koikeya.project1.Project1Application   : No active profile set, falling back to default profiles: default
2019-12-15 21:16:01.764  INFO 10508 --- [main] .s.d.r.c.RepositoryConfigurationDelegate : Bootstrapping Spring Data repositories in DEFAULT mode.
2019-12-15 21:16:02.019  INFO 10508 --- [main] .s.d.r.c.RepositoryConfigurationDelegate : Finished Spring Data repository scanning in 239ms. Found 3 repository interfaces.
2019-12-15 21:16:02.394  INFO 10508 --- [main] trationDelegate$BeanPostProcessorChecker : Bean 'org.springframework.transaction.annotation.ProxyTransactionManagementConfiguration' of type [org.springframework.transaction.annotation.ProxyTransactionManagementConfiguration$$EnhancerBySpringCGLIB$$ea9786cf] is not eligible for getting processed by all BeanPostProcessors (for example: not eligible for auto-proxying)
2019-12-15 21:16:02.696  INFO 10508 --- [main] o.s.b.w.embedded.tomcat.TomcatWebServer  : Tomcat initialized with port(s): 8080 (http)
2019-12-15 21:16:02.721  INFO 10508 --- [main] o.apache.catalina.core.StandardService   : Starting service [Tomcat]
2019-12-15 21:16:02.722  INFO 10508 --- [main] org.apache.catalina.core.StandardEngine  : Starting Servlet engine: [Apache Tomcat/9.0.17]
2019-12-15 21:16:03.068  INFO 10508 --- [main] o.a.c.c.C.[.[localhost].[/project1]      : Initializing Spring embedded WebApplicationContext
2019-12-15 21:16:03.069  INFO 10508 --- [main] o.s.web.context.ContextLoader            : Root WebApplicationContext: initialization completed in 2511 ms
2019-12-15 21:16:03.257  INFO 10508 --- [main] com.zaxxer.hikari.HikariDataSource       : HikariPool-1 - Starting...
2019-12-15 21:16:04.006  INFO 10508 --- [main] com.zaxxer.hikari.HikariDataSource       : HikariPool-1 - Start completed.
2019-12-15 21:16:04.061  INFO 10508 --- [main] o.hibernate.jpa.internal.util.LogHelper  : HHH000204: Processing PersistenceUnitInfo [name: default]
2019-12-15 21:16:04.141  INFO 10508 --- [main] org.hibernate.Version                    : HHH000412: Hibernate Core {5.4.2.Final}
2019-12-15 21:16:04.312  INFO 10508 --- [main] o.hibernate.annotations.common.Version   : HCANN000001: Hibernate Commons Annotations {5.1.0.Final}
2019-12-15 21:16:04.415  INFO 10508 --- [main] org.hibernate.dialect.Dialect            : HHH000400: Using dialect: org.hibernate.dialect.MySQL5Dialect
2019-12-15 21:16:05.061  INFO 10508 --- [main] o.h.e.t.j.p.i.JtaPlatformInitiator       : HHH000490: Using JtaPlatform implementation: [org.hibernate.engine.transaction.jta.platform.internal.NoJtaPlatform]
2019-12-15 21:16:05.064  INFO 10508 --- [main] j.LocalContainerEntityManagerFactoryBean : Initialized JPA EntityManagerFactory for persistence unit 'default'
2019-12-15 21:16:05.114  WARN 10508 --- [main] JpaBaseConfiguration$JpaWebConfiguration : spring.jpa.open-in-view is enabled by default. Therefore, database queries may be performed during view rendering. Explicitly configure spring.jpa.open-in-view to disable this warning
2019-12-15 21:16:05.730  INFO 10508 --- [main] o.s.s.web.DefaultSecurityFilterChain     : Creating filter chain: any request, [org.springframework.security.web.context.request.async.WebAsyncManagerIntegrationFilter@600bbf9e, org.springframework.security.web.context.SecurityContextPersistenceFilter@22b7ef2b, org.springframework.security.web.header.HeaderWriterFilter@6c96403e, org.springframework.security.web.csrf.CsrfFilter@6fef75c6, org.springframework.security.web.authentication.logout.LogoutFilter@4d4df0f4, org.springframework.security.web.authentication.UsernamePasswordAuthenticationFilter@45cd8607, org.springframework.security.web.savedrequest.RequestCacheAwareFilter@3c17bd0b, org.springframework.security.web.servletapi.SecurityContextHolderAwareRequestFilter@1ac0cdb0, org.springframework.security.web.authentication.AnonymousAuthenticationFilter@18d30e7, org.springframework.security.web.session.SessionManagementFilter@2353354a, org.springframework.security.web.access.ExceptionTranslationFilter@72eed547, org.springframework.security.web.access.intercept.FilterSecurityInterceptor@7185e611]
2019-12-15 21:16:05.892  INFO 10508 --- [main] o.s.s.concurrent.ThreadPoolTaskExecutor  : Initializing ExecutorService 'applicationTaskExecutor'
2019-12-15 21:16:06.036  INFO 10508 --- [main] o.s.b.a.w.s.WelcomePageHandlerMapping    : Adding welcome page template: index
2019-12-15 21:16:06.152  INFO 10508 --- [main] o.s.b.w.embedded.tomcat.TomcatWebServer  : Tomcat started on port(s): 8080 (http) with context path '/project1'
2019-12-15 21:16:06.155  INFO 10508 --- [main] c.koikeya.project1.Project1Application   : Started Project1Application in 6.466 seconds (JVM running for 7.789)
2019-12-15 21:16:10.593  INFO 10508 --- [RMI TCP Connection(2)-127.0.0.1] inMXBeanRegistrar$SpringApplicationAdmin : Application shutdown requested.
2019-12-15 21:16:10.598  INFO 10508 --- [RMI TCP Connection(2)-127.0.0.1] o.s.s.concurrent.ThreadPoolTaskExecutor  : Shutting down ExecutorService 'applicationTaskExecutor'
2019-12-15 21:16:10.600  INFO 10508 --- [RMI TCP Connection(2)-127.0.0.1] j.LocalContainerEntityManagerFactoryBean : Closing JPA EntityManagerFactory for persistence unit 'default'
2019-12-15 21:16:10.604  INFO 10508 --- [RMI TCP Connection(2)-127.0.0.1] com.zaxxer.hikari.HikariDataSource       : HikariPool-1 - Shutdown initiated...
2019-12-15 21:16:10.617  INFO 10508 --- [RMI TCP Connection(2)-127.0.0.1] com.zaxxer.hikari.HikariDataSource       : HikariPool-1 - Shutdown completed.
2019-12-15 21:20:57.299  INFO 424 --- [main] c.koikeya.project1.Project1Application   : Starting Project1Application on DESKTOP-3B1LDVK with PID 424 (C:\pleiades\git\project1\target\classes started by user in C:\pleiades\git\project1)
2019-12-15 21:20:57.303  INFO 424 --- [main] c.koikeya.project1.Project1Application   : No active profile set, falling back to default profiles: default
2019-12-15 21:20:58.914  INFO 424 --- [main] .s.d.r.c.RepositoryConfigurationDelegate : Bootstrapping Spring Data repositories in DEFAULT mode.
2019-12-15 21:20:59.091  INFO 424 --- [main] .s.d.r.c.RepositoryConfigurationDelegate : Finished Spring Data repository scanning in 165ms. Found 3 repository interfaces.
2019-12-15 21:20:59.433  INFO 424 --- [main] trationDelegate$BeanPostProcessorChecker : Bean 'org.springframework.transaction.annotation.ProxyTransactionManagementConfiguration' of type [org.springframework.transaction.annotation.ProxyTransactionManagementConfiguration$$EnhancerBySpringCGLIB$$35504227] is not eligible for getting processed by all BeanPostProcessors (for example: not eligible for auto-proxying)
2019-12-15 21:20:59.797  INFO 424 --- [main] o.s.b.w.embedded.tomcat.TomcatWebServer  : Tomcat initialized with port(s): 8080 (http)
2019-12-15 21:20:59.823  INFO 424 --- [main] o.apache.catalina.core.StandardService   : Starting service [Tomcat]
2019-12-15 21:20:59.824  INFO 424 --- [main] org.apache.catalina.core.StandardEngine  : Starting Servlet engine: [Apache Tomcat/9.0.17]
2019-12-15 21:21:00.233  INFO 424 --- [main] o.a.c.c.C.[.[localhost].[/project1]      : Initializing Spring embedded WebApplicationContext
2019-12-15 21:21:00.233  INFO 424 --- [main] o.s.web.context.ContextLoader            : Root WebApplicationContext: initialization completed in 2834 ms
2019-12-15 21:21:00.491  INFO 424 --- [main] com.zaxxer.hikari.HikariDataSource       : HikariPool-1 - Starting...
2019-12-15 21:21:01.344  INFO 424 --- [main] com.zaxxer.hikari.HikariDataSource       : HikariPool-1 - Start completed.
2019-12-15 21:21:01.400  INFO 424 --- [main] o.hibernate.jpa.internal.util.LogHelper  : HHH000204: Processing PersistenceUnitInfo [name: default]
2019-12-15 21:21:01.476  INFO 424 --- [main] org.hibernate.Version                    : HHH000412: Hibernate Core {5.4.2.Final}
2019-12-15 21:21:01.646  INFO 424 --- [main] o.hibernate.annotations.common.Version   : HCANN000001: Hibernate Commons Annotations {5.1.0.Final}
2019-12-15 21:21:01.747  INFO 424 --- [main] org.hibernate.dialect.Dialect            : HHH000400: Using dialect: org.hibernate.dialect.MySQL5Dialect
2019-12-15 21:21:02.415  INFO 424 --- [main] o.h.e.t.j.p.i.JtaPlatformInitiator       : HHH000490: Using JtaPlatform implementation: [org.hibernate.engine.transaction.jta.platform.internal.NoJtaPlatform]
2019-12-15 21:21:02.418  INFO 424 --- [main] j.LocalContainerEntityManagerFactoryBean : Initialized JPA EntityManagerFactory for persistence unit 'default'
2019-12-15 21:21:02.492  WARN 424 --- [main] JpaBaseConfiguration$JpaWebConfiguration : spring.jpa.open-in-view is enabled by default. Therefore, database queries may be performed during view rendering. Explicitly configure spring.jpa.open-in-view to disable this warning
2019-12-15 21:21:03.188  INFO 424 --- [main] o.s.s.web.DefaultSecurityFilterChain     : Creating filter chain: any request, [org.springframework.security.web.context.request.async.WebAsyncManagerIntegrationFilter@46d1b59, org.springframework.security.web.context.SecurityContextPersistenceFilter@639cb788, org.springframework.security.web.header.HeaderWriterFilter@aca2fc3, org.springframework.security.web.csrf.CsrfFilter@6e2eead5, org.springframework.security.web.authentication.logout.LogoutFilter@4a6a6a69, org.springframework.security.web.authentication.UsernamePasswordAuthenticationFilter@1d8e9d3e, org.springframework.security.web.savedrequest.RequestCacheAwareFilter@4d25f816, org.springframework.security.web.servletapi.SecurityContextHolderAwareRequestFilter@6c9bf3b5, org.springframework.security.web.authentication.AnonymousAuthenticationFilter@61d2f267, org.springframework.security.web.session.SessionManagementFilter@76828577, org.springframework.security.web.access.ExceptionTranslationFilter@3d0352, org.springframework.security.web.access.intercept.FilterSecurityInterceptor@8b670c0]
2019-12-15 21:21:03.366  INFO 424 --- [main] o.s.s.concurrent.ThreadPoolTaskExecutor  : Initializing ExecutorService 'applicationTaskExecutor'
2019-12-15 21:21:03.520  INFO 424 --- [main] o.s.b.a.w.s.WelcomePageHandlerMapping    : Adding welcome page template: index
2019-12-15 21:21:03.634  INFO 424 --- [main] o.s.b.w.embedded.tomcat.TomcatWebServer  : Tomcat started on port(s): 8080 (http) with context path '/project1'
2019-12-15 21:21:03.637  INFO 424 --- [main] c.koikeya.project1.Project1Application   : Started Project1Application in 7.099 seconds (JVM running for 8.933)
2019-12-15 21:21:09.488  INFO 424 --- [http-nio-8080-exec-1] o.a.c.c.C.[.[localhost].[/project1]      : Initializing Spring DispatcherServlet 'dispatcherServlet'
2019-12-15 21:21:09.488  INFO 424 --- [http-nio-8080-exec-1] o.s.web.servlet.DispatcherServlet        : Initializing Servlet 'dispatcherServlet'
2019-12-15 21:21:09.501  INFO 424 --- [http-nio-8080-exec-1] o.s.web.servlet.DispatcherServlet        : Completed initialization in 12 ms
2019-12-15 22:10:12.968  INFO 424 --- [RMI TCP Connection(2)-127.0.0.1] inMXBeanRegistrar$SpringApplicationAdmin : Application shutdown requested.
2019-12-15 22:10:12.995  INFO 424 --- [RMI TCP Connection(2)-127.0.0.1] o.s.s.concurrent.ThreadPoolTaskExecutor  : Shutting down ExecutorService 'applicationTaskExecutor'
2019-12-15 22:10:12.997  INFO 424 --- [RMI TCP Connection(2)-127.0.0.1] j.LocalContainerEntityManagerFactoryBean : Closing JPA EntityManagerFactory for persistence unit 'default'
2019-12-15 22:10:13.008  INFO 424 --- [RMI TCP Connection(2)-127.0.0.1] com.zaxxer.hikari.HikariDataSource       : HikariPool-1 - Shutdown initiated...
2019-12-15 22:10:13.029  INFO 424 --- [RMI TCP Connection(2)-127.0.0.1] com.zaxxer.hikari.HikariDataSource       : HikariPool-1 - Shutdown completed.
2019-12-15 22:34:04.411  INFO 13980 --- [main] c.koikeya.project1.Project1Application   : Starting Project1Application on DESKTOP-3B1LDVK with PID 13980 (C:\pleiades\git\project1\target\classes started by user in C:\pleiades\git\project1)
2019-12-15 22:34:04.414  INFO 13980 --- [main] c.koikeya.project1.Project1Application   : No active profile set, falling back to default profiles: default
2019-12-15 22:34:05.575  INFO 13980 --- [main] .s.d.r.c.RepositoryConfigurationDelegate : Bootstrapping Spring Data repositories in DEFAULT mode.
2019-12-15 22:34:05.714  INFO 13980 --- [main] .s.d.r.c.RepositoryConfigurationDelegate : Finished Spring Data repository scanning in 130ms. Found 3 repository interfaces.
2019-12-15 22:34:06.048  INFO 13980 --- [main] trationDelegate$BeanPostProcessorChecker : Bean 'org.springframework.transaction.annotation.ProxyTransactionManagementConfiguration' of type [org.springframework.transaction.annotation.ProxyTransactionManagementConfiguration$$EnhancerBySpringCGLIB$$d11d9c4] is not eligible for getting processed by all BeanPostProcessors (for example: not eligible for auto-proxying)
2019-12-15 22:34:06.380  INFO 13980 --- [main] o.s.b.w.embedded.tomcat.TomcatWebServer  : Tomcat initialized with port(s): 8080 (http)
2019-12-15 22:34:06.405  INFO 13980 --- [main] o.apache.catalina.core.StandardService   : Starting service [Tomcat]
2019-12-15 22:34:06.406  INFO 13980 --- [main] org.apache.catalina.core.StandardEngine  : Starting Servlet engine: [Apache Tomcat/9.0.17]
2019-12-15 22:34:06.700  INFO 13980 --- [main] o.a.c.c.C.[.[localhost].[/project1]      : Initializing Spring embedded WebApplicationContext
2019-12-15 22:34:06.700  INFO 13980 --- [main] o.s.web.context.ContextLoader            : Root WebApplicationContext: initialization completed in 2166 ms
2019-12-15 22:34:06.871  INFO 13980 --- [main] com.zaxxer.hikari.HikariDataSource       : HikariPool-1 - Starting...
2019-12-15 22:34:07.581  INFO 13980 --- [main] com.zaxxer.hikari.HikariDataSource       : HikariPool-1 - Start completed.
2019-12-15 22:34:07.638  INFO 13980 --- [main] o.hibernate.jpa.internal.util.LogHelper  : HHH000204: Processing PersistenceUnitInfo [name: default]
2019-12-15 22:34:07.715  INFO 13980 --- [main] org.hibernate.Version                    : HHH000412: Hibernate Core {5.4.2.Final}
2019-12-15 22:34:07.891  INFO 13980 --- [main] o.hibernate.annotations.common.Version   : HCANN000001: Hibernate Commons Annotations {5.1.0.Final}
2019-12-15 22:34:07.989  INFO 13980 --- [main] org.hibernate.dialect.Dialect            : HHH000400: Using dialect: org.hibernate.dialect.MySQL5Dialect
2019-12-15 22:34:08.618  INFO 13980 --- [main] o.h.e.t.j.p.i.JtaPlatformInitiator       : HHH000490: Using JtaPlatform implementation: [org.hibernate.engine.transaction.jta.platform.internal.NoJtaPlatform]
2019-12-15 22:34:08.620  INFO 13980 --- [main] j.LocalContainerEntityManagerFactoryBean : Initialized JPA EntityManagerFactory for persistence unit 'default'
2019-12-15 22:34:08.676  WARN 13980 --- [main] JpaBaseConfiguration$JpaWebConfiguration : spring.jpa.open-in-view is enabled by default. Therefore, database queries may be performed during view rendering. Explicitly configure spring.jpa.open-in-view to disable this warning
2019-12-15 22:34:09.269  INFO 13980 --- [main] o.s.s.web.DefaultSecurityFilterChain     : Creating filter chain: any request, [org.springframework.security.web.context.request.async.WebAsyncManagerIntegrationFilter@b94703b, org.springframework.security.web.context.SecurityContextPersistenceFilter@5c25d0d1, org.springframework.security.web.header.HeaderWriterFilter@456aa471, org.springframework.security.web.csrf.CsrfFilter@3be80ece, org.springframework.security.web.authentication.logout.LogoutFilter@3303e89e, org.springframework.security.web.authentication.UsernamePasswordAuthenticationFilter@67b5e613, org.springframework.security.web.savedrequest.RequestCacheAwareFilter@7845b21a, org.springframework.security.web.servletapi.SecurityContextHolderAwareRequestFilter@18715bb, org.springframework.security.web.authentication.AnonymousAuthenticationFilter@33a47707, org.springframework.security.web.session.SessionManagementFilter@27afbf14, org.springframework.security.web.access.ExceptionTranslationFilter@1930a804, org.springframework.security.web.access.intercept.FilterSecurityInterceptor@38c10190]
2019-12-15 22:34:09.454  INFO 13980 --- [main] o.s.s.concurrent.ThreadPoolTaskExecutor  : Initializing ExecutorService 'applicationTaskExecutor'
2019-12-15 22:34:09.707  INFO 13980 --- [main] o.s.b.a.w.s.WelcomePageHandlerMapping    : Adding welcome page template: index
2019-12-15 22:34:09.823  INFO 13980 --- [main] o.s.b.w.embedded.tomcat.TomcatWebServer  : Tomcat started on port(s): 8080 (http) with context path '/project1'
2019-12-15 22:34:09.826  INFO 13980 --- [main] c.koikeya.project1.Project1Application   : Started Project1Application in 6.018 seconds (JVM running for 7.261)
2019-12-15 22:34:13.920  INFO 13980 --- [RMI TCP Connection(2)-127.0.0.1] inMXBeanRegistrar$SpringApplicationAdmin : Application shutdown requested.
2019-12-15 22:34:13.926  INFO 13980 --- [RMI TCP Connection(2)-127.0.0.1] o.s.s.concurrent.ThreadPoolTaskExecutor  : Shutting down ExecutorService 'applicationTaskExecutor'
2019-12-15 22:34:13.929  INFO 13980 --- [RMI TCP Connection(2)-127.0.0.1] j.LocalContainerEntityManagerFactoryBean : Closing JPA EntityManagerFactory for persistence unit 'default'
2019-12-15 22:34:13.931  INFO 13980 --- [RMI TCP Connection(2)-127.0.0.1] com.zaxxer.hikari.HikariDataSource       : HikariPool-1 - Shutdown initiated...
2019-12-15 22:34:13.945  INFO 13980 --- [RMI TCP Connection(2)-127.0.0.1] com.zaxxer.hikari.HikariDataSource       : HikariPool-1 - Shutdown completed.
